Log file open, 12/01/16 11:33:43
LogInit:Display: Running engine for game: MyProject4
LogPlatformFile: Not using cached read wrapper
LogInit:Display: RandInit(-132528582) SRandInit(-132528581).
LogTaskGraph: Started task graph with 4 named threads and 11 total threads with 1 sets of task threads.
LogStats: Stats thread started at 0.117126
LogInit: Version: 4.12.5-3039270+++UE4+Release-4.12
LogInit: API Version: 2992821
LogInit: Net Version: 3039270
LogDevObjectVersion: Number of dev versions registered: 13
LogDevObjectVersion:   Dev-Blueprints (B0D832E4-1F89-4F0D-ACCF-7EB736FD4AA2): 3
LogDevObjectVersion:   Dev-Build (E1C64328-A22C-4D53-A36C-8E866417BD8C): 0
LogDevObjectVersion:   Dev-Core (375EC13C-06E4-48FB-B500-84F0262A717E): 1
LogDevObjectVersion:   Dev-Editor (E4B068ED-F494-42E9-A231-DA0B2E46BB41): 2
LogDevObjectVersion:   Dev-Framework (CFFC743F-43B0-4480-9391-14DF171D2073): 6
LogDevObjectVersion:   Dev-Mobile (B02B49B5-BB20-44E9-A304-32B752E40360): 0
LogDevObjectVersion:   Dev-Networking (A4E4105C-59A1-49B5-A7C5-40C4547EDFEE): 0
LogDevObjectVersion:   Dev-Online (39C831C9-5AE6-47DC-9A44-9C173E1C8E7C): 0
LogDevObjectVersion:   Dev-Physics (78F01B33-EBEA-4F98-B9B4-84EACCB95AA2): 0
LogDevObjectVersion:   Dev-Platform (6631380F-2D4D-43E0-8009-CF276956A95A): 0
LogDevObjectVersion:   Dev-Rendering (12F88B9F-8875-4AFC-A67C-D90C383ABD29): 2
LogDevObjectVersion:   Dev-Sequencer (7B5AE74C-D270-4C10-A958-57980B212A5A): 0
LogDevObjectVersion:   Dev-VR (D7296918-1DD6-4BDD-9DE2-64A83CC13884): 0
LogInit: Compiled (64-bit): Jul  6 2016 09:09:46
LogInit: Compiled with Visual C++: 19.00.23026.00
LogInit: Build Configuration: Development
LogInit: Branch Name: ++UE4+Release-4.12
LogInit: Command line:  
LogInit: Base directory: C:/Program Files (x86)/Epic Games/4.12/Engine/Binaries/Win64/
LogInit: Installed Engine Build: 1
LogInit: Using libcurl 7.41.0
LogInit:  - built for x86_64-pc-win32
LogInit:  - supports SSL with WinSSL
LogInit:  - other features:
LogInit:      CURL_VERSION_SSL
LogInit:      CURL_VERSION_IPV6
LogInit:      CURL_VERSION_ASYNCHDNS
LogInit:      CURL_VERSION_LARGEFILE
LogInit:      CURL_VERSION_IDN
LogInit:  CurlRequestOptions (configurable via config and command line):
LogInit:  - bVerifyPeer = true  - Libcurl will verify peer certificate
LogInit:  - bUseHttpProxy = false  - Libcurl will NOT use HTTP proxy
LogInit:  - bDontReuseConnections = false  - Libcurl will reuse connections
LogInit:  - CertBundlePath = nullptr  - Libcurl will use whatever was configured at build time.
LogInit: Presizing for max 8388607 objects, including 0 objects not considered by GC, pre-allocating 0 bytes for permanent pool.
LogInit: Object subsystem initialized
[2016.12.01-19.33.43:663][  0]LogInit: Selected Device Profile: [Windows]
[2016.12.01-19.33.43:663][  0]LogInit: Applying CVar settings loaded from the selected device profile: [Windows]
[2016.12.01-19.33.43:673][  0]LogInit: Computer: 507-C2-W
[2016.12.01-19.33.43:673][  0]LogInit: User: Dckahler
[2016.12.01-19.33.43:673][  0]LogInit: CPU Page size=65536, Cores=8
[2016.12.01-19.33.43:673][  0]LogInit: High frequency timer resolution =2.532978 MHz
[2016.12.01-19.33.43:674][  0]LogMemory: Memory total: Physical=31.9GB (32GB approx)
[2016.12.01-19.33.43:674][  0]LogMemory: Platform Memory Stats for Windows
[2016.12.01-19.33.43:674][  0]LogMemory: Process Physical Memory: 195.13 MB used, 195.13 MB peak
[2016.12.01-19.33.43:674][  0]LogMemory: Process Virtual Memory: 199.63 MB used, 199.63 MB peak
[2016.12.01-19.33.43:674][  0]LogMemory: Physical Memory: 8930.06 MB used, 32712.22 MB total
[2016.12.01-19.33.43:674][  0]LogMemory: Virtual Memory: 536.38 MB used, 8388608.00 MB total
[2016.12.01-19.33.43:763][  0]LogTextLocalizationManager: No specific translations for ('en-US') exist, so ('en') translations will be used.
[2016.12.01-19.33.44:190][  0]LogD3D11RHI: D3D11 adapters:
[2016.12.01-19.33.44:212][  0]LogD3D11RHI:    0. 'NVIDIA GeForce GTX 780' (Feature Level 11_0)
[2016.12.01-19.33.44:212][  0]LogD3D11RHI:       3013/0/16100 MB DedicatedVideo/DedicatedSystem/SharedSystem, Outputs:2, VendorId:0x10de
[2016.12.01-19.33.44:212][  0]LogD3D11RHI: Chosen D3D11 Adapter: 0
[2016.12.01-19.33.44:218][  0]LogD3D11RHI: Creating new Direct3DDevice
[2016.12.01-19.33.44:218][  0]LogD3D11RHI:     GPU DeviceId: 0x1004 (for the marketing name, search the web for "GPU Device Id")
[2016.12.01-19.33.44:218][  0]LogWindows: EnumDisplayDevices:
[2016.12.01-19.33.44:218][  0]LogWindows:    0. 'NVIDIA GeForce GTX 780' (P:0 D:1)
[2016.12.01-19.33.44:218][  0]LogWindows:    1. 'NVIDIA GeForce GTX 780' (P:1 D:1)
[2016.12.01-19.33.44:218][  0]LogWindows:    2. 'NVIDIA GeForce GTX 780' (P:0 D:0)
[2016.12.01-19.33.44:219][  0]LogWindows:    3. 'NVIDIA GeForce GTX 780' (P:0 D:0)
[2016.12.01-19.33.44:219][  0]LogWindows:    4. 'RDPDD Chained DD' (P:0 D:0)
[2016.12.01-19.33.44:219][  0]LogWindows:    5. 'RDP Encoder Mirror Driver' (P:0 D:0)
[2016.12.01-19.33.44:219][  0]LogWindows:    6. 'RDP Reflector Display Driver' (P:0 D:0)
[2016.12.01-19.33.44:219][  0]LogWindows: DebugString: GetVideoDriverDetailsInvalid PrimaryIsNotTheChoosenAdapter GetVideoDriverDetailsInvalid PrimaryIsNotTheChoosenAdapter GetVideoDriverDetailsInvalid PrimaryIsNotTheChoosenAdapter FoundDriverCount:4 
[2016.12.01-19.33.44:219][  0]LogD3D11RHI:     Adapter Name: NVIDIA GeForce GTX 780
[2016.12.01-19.33.44:219][  0]LogD3D11RHI:   Driver Version: 362.00 (internal:10.18.13.6200, unified:362.00)
[2016.12.01-19.33.44:219][  0]LogD3D11RHI:      Driver Date: 2-23-2016
[2016.12.01-19.33.44:219][  0]LogRHI: Texture pool is 1361 MB (70% of 1945 MB)
[2016.12.01-19.33.44:229][  0]LogD3D11RHI: Async texture creation enabled
[2016.12.01-19.33.44:245][  0]LogD3D11RHI: GPU Timing Frequency: 1000.000000 (Debug: 2 2)
[2016.12.01-19.33.44:245][  0]LogShaderCompilers: Guid format shader working directory is -2 characters bigger than the processId version (../../../../../../Users/Dckahler/Desktop/MyProject4/Intermediate/Shaders/WorkingDirectory/9592/).
[2016.12.01-19.33.44:245][  0]LogShaderCompilers: Cleaned the shader compiler working directory 'C:/Users/Dckahler/AppData/Local/Temp/UnrealShaderWorkingDir/B68EC4E14A546F80C29A33B98A53D357/'.
[2016.12.01-19.33.44:245][  0]LogShaderCompilers:Display: Using Local Shader Compiler.
[2016.12.01-19.33.45:603][  0]LogTemp:Display: Loaded TP AllDesktopTargetPlatform
[2016.12.01-19.33.45:614][  0]LogTemp:Display: Loaded TP WindowsClientTargetPlatform
[2016.12.01-19.33.45:625][  0]LogTemp:Display: Loaded TP WindowsNoEditorTargetPlatform
[2016.12.01-19.33.45:637][  0]LogTemp:Display: Loaded TP WindowsServerTargetPlatform
[2016.12.01-19.33.45:648][  0]LogTemp:Display: Loaded TP WindowsTargetPlatform
[2016.12.01-19.33.45:658][  0]LogTemp:Display: Loaded TP AndroidTargetPlatform
[2016.12.01-19.33.45:667][  0]LogTemp:Display: Loaded TP Android_ASTCTargetPlatform
[2016.12.01-19.33.45:676][  0]LogTemp:Display: Loaded TP Android_ATCTargetPlatform
[2016.12.01-19.33.45:686][  0]LogTemp:Display: Loaded TP Android_DXTTargetPlatform
[2016.12.01-19.33.45:695][  0]LogTemp:Display: Loaded TP Android_ETC1TargetPlatform
[2016.12.01-19.33.45:705][  0]LogTemp:Display: Loaded TP Android_ETC2TargetPlatform
[2016.12.01-19.33.45:725][  0]LogTemp:Display: Loaded TP Android_MultiTargetPlatform
[2016.12.01-19.33.45:725][  0]LogTemp:Display: Loaded TP Android_PVRTCTargetPlatform
[2016.12.01-19.33.45:726][  0]LogTemp:Display: Loaded TP HTML5TargetPlatform
[2016.12.01-19.33.45:749][  0]LogTemp:Display: Loaded TP IOSTargetPlatform
[2016.12.01-19.33.45:758][  0]LogTemp:Display: Loaded TP TVOSTargetPlatform
[2016.12.01-19.33.45:767][  0]LogTemp:Display: Loaded TP LinuxNoEditorTargetPlatform
[2016.12.01-19.33.45:776][  0]LogTemp:Display: Loaded TP LinuxServerTargetPlatform
[2016.12.01-19.33.45:786][  0]LogTemp:Display: Loaded TP LinuxTargetPlatform
[2016.12.01-19.33.45:786][  0]LogTargetPlatformManager:Display: Building Assets For Windows
[2016.12.01-19.33.45:876][  0]LogDerivedDataCache:Display: Max Cache Size: 512 MB
[2016.12.01-19.33.45:931][  0]LogDerivedDataCache: Loaded boot cache 0.05s 48MB C:/Users/Dckahler/AppData/Local/UnrealEngine/4.12/DerivedDataCache/Boot.ddc.
[2016.12.01-19.33.45:931][  0]LogDerivedDataCache:Display: Loaded Boot cache: C:/Users/Dckahler/AppData/Local/UnrealEngine/4.12/DerivedDataCache/Boot.ddc
[2016.12.01-19.33.45:931][  0]LogDerivedDataCache: FDerivedDataBackendGraph:  Pak pak cache file ../../../../../../Users/Dckahler/Desktop/MyProject4/DerivedDataCache/DDC.ddp not found, will not use a pak cache.
[2016.12.01-19.33.45:931][  0]LogDerivedDataCache: Unable to find inner node Pak for hierarchical cache Hierarchy.
[2016.12.01-19.33.45:932][  0]LogDerivedDataCache: FDerivedDataBackendGraph:  CompressedPak pak cache file ../../../../../../Users/Dckahler/Desktop/MyProject4/DerivedDataCache/Compressed.ddp not found, will not use a pak cache.
[2016.12.01-19.33.45:932][  0]LogDerivedDataCache: Unable to find inner node CompressedPak for hierarchical cache Hierarchy.
[2016.12.01-19.33.45:951][  0]LogDerivedDataCache:Display: Pak cache opened for reading ../../../Engine/DerivedDataCache/Compressed.ddp.
[2016.12.01-19.33.45:962][  0]LogDerivedDataCache: Using Local data cache path C:/Users/Dckahler/AppData/Local/UnrealEngine/Common/DerivedDataCache: Writable
[2016.12.01-19.33.46:202][  0]LogInit: Selected Device Profile: [Windows]
[2016.12.01-19.33.46:203][  0]LogContentStreaming: Texture pool size is 0.00 MB
[2016.12.01-19.33.46:391][  0]LogMeshUtilities: No automatic mesh reduction module available
[2016.12.01-19.33.46:391][  0]LogMeshUtilities: No automatic mesh merging module available
[2016.12.01-19.33.46:391][  0]LogMeshUtilities: No distributed automatic mesh merging module available
[2016.12.01-19.33.46:683][  0]LogAssetRegistry: FAssetRegistry took 0.0200 seconds to start up
[2016.12.01-19.33.46:715][  0]LogPackageLocalizationCache: Processed 3 localized package path(s) for 2 prioritized culture(s) in 0.028291 seconds
[2016.12.01-19.33.46:719][  0]LogUObjectArray: 28739 objects as part of root set at end of initial load.
[2016.12.01-19.33.46:719][  0]LogUObjectAllocator: 5855632 out of 0 bytes used by permanent object pool.
[2016.12.01-19.33.46:719][  0]LogUObjectArray: CloseDisregardForGC: 0/0 objects in disregard for GC pool
[2016.12.01-19.33.46:727][  0]LogInit: WinSock: version 1.1 (2.2), MaxSocks=32767, MaxUdp=65467
[2016.12.01-19.33.46:949][  0]LogSlate: SlateFontCache - WITH_FREETYPE: 1, WITH_HARFBUZZ: 1
[2016.12.01-19.33.46:949][  0]LogSlate: SlateFontCache - WITH_FREETYPE: 1, WITH_HARFBUZZ: 1
[2016.12.01-19.33.48:006][  0]LogUdpMessaging: Initializing bridge on interface 0.0.0.0:0 to multicast group 230.0.0.1:6666.
[2016.12.01-19.33.48:256][  0]SourceControl: Info Source control is disabled
[2016.12.01-19.33.48:257][  0]SourceControl: Info Source control is disabled
[2016.12.01-19.33.48:267][  0]SourceControl: Info Source control is disabled
[2016.12.01-19.33.48:278][  0]SourceControl: Info Source control is disabled
[2016.12.01-19.33.48:524][  0]LogEngine: Initializing Engine...
[2016.12.01-19.33.48:525][  0]LogHMD: SteamVR failed to initialize.  Err: 110
[2016.12.01-19.33.48:526][  0]LogHMD: SteamVR failed to initialize.  Err: 110
[2016.12.01-19.33.48:685][  0]LogAIModule: Creating AISystem for world NewWorld
[2016.12.01-19.33.48:694][  0]LogInit: XAudio2 using 'Speakers (Realtek High Definition Audio)' : 2 channels at 48 kHz using 32 bits per sample (channel mask 0x3)
[2016.12.01-19.33.48:726][  0]LogInit: FAudioDevice initialized.
[2016.12.01-19.33.48:752][  0]LogDerivedDataCache: Saved boot cache 0.03s 48MB C:/Users/Dckahler/AppData/Local/UnrealEngine/4.12/DerivedDataCache/Boot.ddc.
[2016.12.01-19.33.48:757][  0]LogInit: Texture streaming: Enabled
[2016.12.01-19.33.49:310][  0]LogInit: Transaction tracking system initialized
[2016.12.01-19.33.49:337][  0]BlueprintLog: New page: Editor Load
[2016.12.01-19.33.49:422][  0]LocalizationService: Info Localization service is disabled
[2016.12.01-19.33.49:492][  0]LogConsoleResponse:Display: 
[2016.12.01-19.33.49:617][  0]LogCook:Display: Max memory allowance for cook 8192mb
[2016.12.01-19.33.49:617][  0]LogCook:Display: Mobile HDR setting 1
[2016.12.01-19.33.49:729][  0]LogFileCache: Scanning file cache for directory 'C:/Users/Dckahler/Desktop/MyProject4/Content/' took 0.02s
[2016.12.01-19.33.49:730][  0]SourceControl: Info Source control is disabled
[2016.12.01-19.33.49:730][  0]Cmd: MAP LOAD FILE="../../../../../../Users/Dckahler/Desktop/MyProject4/Content/ThirdPersonBP/Maps/ThirdPersonExampleMap.umap" TEMPLATE=0 SHOWPROGRESS=1 FEATURELEVEL=3
[2016.12.01-19.33.49:730][  0]LightingResults: New page: Lighting Build
[2016.12.01-19.33.49:733][  0]MapCheck: New page: Map Check
[2016.12.01-19.33.49:733][  0]LightingResults: New page: Lighting Build
[2016.12.01-19.33.50:277][  0]LogAIModule: Creating AISystem for world ThirdPersonExampleMap
[2016.12.01-19.33.50:287][  0]LogEditorServer: Finished looking for orphan Actors (0.000 secs)
[2016.12.01-19.33.50:287][  0]Cmd: MAP CHECKDEP NOCLEARLOG
[2016.12.01-19.33.50:377][  0]MapCheck: Info Map check complete: 0 Error(s), 0 Warning(s), took 89.676ms to complete.
[2016.12.01-19.33.50:377][  0]LogFileHelpers: Loading map 'ThirdPersonExampleMap' took 0.648
[2016.12.01-19.33.50:531][  0]LogCollectionManager: Loaded 0 collections in 0.002590 seconds
[2016.12.01-19.33.50:576][  0]LogFileCache: Scanning file cache for directory 'C:/Users/Dckahler/Desktop/MyProject4/Saved/Collections/' took 0.01s
[2016.12.01-19.33.50:576][  0]LogFileCache: Scanning file cache for directory 'C:/Users/Dckahler/Desktop/MyProject4/Content/Developers/Dckahler/Collections/' took 0.01s
[2016.12.01-19.33.50:576][  0]LogFileCache: Scanning file cache for directory 'C:/Users/Dckahler/Desktop/MyProject4/Content/Collections/' took 0.01s
[2016.12.01-19.33.50:576][  0]LogCollectionManager: Rebuilt the GUID cache for 0 collections in 0.000003 seconds
[2016.12.01-19.33.50:585][  0]LogContentBrowser: Native class hierarchy populated in 0.0090 seconds. Added 2047 classes and 369 folders.
[2016.12.01-19.33.50:590][  0]LogStats: UGameplayTagsManager::ConstructGameplayTagTree: Construct from data asset -  0.000 s
[2016.12.01-19.33.50:590][  0]LogStats: UGameplayTagsManager::ConstructGameplayTagTree: GameplayTagTreeChangedEvent.Broadcast -  0.000 s
[2016.12.01-19.33.50:590][  0]LogContentBrowser: Native class hierarchy updated for 'GameplayTags' in 0.0005 seconds. Added 12 classes and 0 folders.
[2016.12.01-19.33.50:596][  0]LogContentBrowser: Native class hierarchy updated for 'WidgetCarousel' in 0.0004 seconds. Added 0 classes and 0 folders.
[2016.12.01-19.33.50:678][  0]LogContentBrowser: Native class hierarchy updated for 'AddContentDialog' in 0.0005 seconds. Added 0 classes and 0 folders.
[2016.12.01-19.33.50:683][  0]LogContentBrowser: Native class hierarchy updated for 'SceneOutliner' in 0.0004 seconds. Added 1 classes and 2 folders.
[2016.12.01-19.33.50:698][  0]LogCrashTracker: Crashtracker disabled due to settings.
[2016.12.01-19.33.50:704][  0]LogUObjectGlobals:Warning: Failed to find object 'Class None.'
[2016.12.01-19.33.50:729][  0]LogContentBrowser: Native class hierarchy updated for 'HierarchicalLODOutliner' in 0.0005 seconds. Added 1 classes and 2 folders.
[2016.12.01-19.33.50:729][  0]LogLoad: Full Startup: 81.95 seconds (BP compile: 0.11 seconds)
[2016.12.01-19.33.50:729][  0]LogExternalProfiler: No external profilers were discovered.  External profiling features will not be available.
[2016.12.01-19.33.50:738][  0]LogOcInput: OculusInput pre-init called
[2016.12.01-19.33.50:757][  0]LogContentStreaming: Texture pool size now 1000 MB
[2016.12.01-19.33.50:947][  0]LogRenderer: Reallocating scene render targets to support 1208x604 (Frame:2).
[2016.12.01-19.33.51:048][  2]LogAssetRegistry: Asset discovery search completed in 4.3846 seconds
[2016.12.01-19.33.51:048][  2]LogCollectionManager: Rebuilt the object cache for 0 collections in 0.000001 seconds (found 0 objects)
[2016.12.01-19.33.51:048][  2]LogCollectionManager: Fixed up redirectors for 0 collections in 0.000038 seconds (updated 0 objects)
[2016.12.01-19.34.10:898][230]LogTexture:Display: Building textures: HQ_Lightmap0_1 (AutoDXT)
[2016.12.01-19.34.10:969][230]LogTexture:Display: Building textures: LQ_Lightmap_0_1 (DXT1)
[2016.12.01-19.34.11:015][230]LogAIModule: Creating AISystem for world SpanishCourtyard3
[2016.12.01-19.34.11:040][230]Cmd: MAP LOAD FILE="../../../../../../Users/Dckahler/Desktop/MyProject4/Content/SpanishCourtyard3.umap" TEMPLATE=0 SHOWPROGRESS=1 FEATURELEVEL=3
[2016.12.01-19.34.11:040][230]LightingResults: New page: Lighting Build
[2016.12.01-19.34.11:041][230]LoadErrors: New page: Loading map: SpanishCourtyard3.umap
[2016.12.01-19.34.11:042][230]MapCheck: New page: Map Check
[2016.12.01-19.34.11:042][230]LightingResults: New page: Lighting Build
[2016.12.01-19.34.11:054][230]LogPhysics:Warning: AddConvexElemsToRigidActor: [/Engine/BasicShapes/Cube.Cube] ConvexElem[0] invalid
[2016.12.01-19.34.11:054][230]LogPhysics:Warning: AddConvexElemsToRigidActor: [/Engine/BasicShapes/Cube.Cube] ConvexElem[0] invalid
[2016.12.01-19.34.11:054][230]LogPhysics:Warning: AddConvexElemsToRigidActor: [/Engine/BasicShapes/Cube.Cube] ConvexElem[0] invalid
[2016.12.01-19.34.11:057][230]LogEditorServer: Finished looking for orphan Actors (0.000 secs)
[2016.12.01-19.34.11:082][230]Cmd: MAP CHECKDEP NOCLEARLOG
[2016.12.01-19.34.11:238][230]MapCheck: Info Map check complete: 0 Error(s), 0 Warning(s), took 156.065ms to complete.
[2016.12.01-19.34.11:238][230]LogFileHelpers: Loading map 'SpanishCourtyard3' took 0.199
[2016.12.01-19.52.37:245][941]LogEditorViewport: Clicking Background
[2016.12.01-19.54.33:353][497]LogEditorViewport: Clicking on Actor (LMB): StaticMeshActor (Lwall)
[2016.12.01-19.54.47:775][ 49]LogRenderer: Reallocating scene render targets to support 1208x628 (Frame:17288).
[2016.12.01-19.55.54:259][322]LogSavePackage: Save=54.65ms
[2016.12.01-19.55.54:259][322]LogSavePackage: Moving '../../../../../../Users/Dckahler/Desktop/MyProject4/Saved/SpanishCourtyard3_Auto1973D2F6D440D6E3ED05003BC0CEFD205.tmp' to '../../../../../../Users/Dckahler/Desktop/MyProject4/Saved/Autosaves/Game/SpanishCourtyard3_Auto1.umap'
[2016.12.01-19.55.54:260][322]LogSavePackage:Display: Finished SavePackage ../../../../../../Users/Dckahler/Desktop/MyProject4/Saved/Autosaves/Game/SpanishCourtyard3_Auto1.umap
[2016.12.01-19.55.54:262][322]LogFileHelpers: Editor autosave (incl. sublevels) for '/Game/SpanishCourtyard3' took 0.090
[2016.12.01-19.55.54:262][322]LogFileHelpers: Editor autosave (incl. sublevels) for all levels took 0.090
[2016.12.01-20.08.10:862][564]LogEditorViewport: Clicking Background
[2016.12.01-20.08.11:689][650]LogPlayLevel: PlayLevel: No blueprints needed recompiling
[2016.12.01-20.08.11:689][650]PIE: New page: PIE session: SpanishCourtyard3 (Dec 1, 2016, 4:08:11 AM)
[2016.12.01-20.08.11:690][650]LogPlayLevel: Creating play world package: /Game/UEDPIE_0_SpanishCourtyard3
[2016.12.01-20.08.11:694][650]LogPlayLevel: PIE: StaticDuplicateObject took: (0.003999s)
[2016.12.01-20.08.11:694][650]LogAIModule: Creating AISystem for world SpanishCourtyard3
[2016.12.01-20.08.11:694][650]LogPlayLevel: PIE: World Init took: (0.000803s)
[2016.12.01-20.08.11:695][650]LogPlayLevel: PIE: Created PIE world by copying editor world from /Game/SpanishCourtyard3.SpanishCourtyard3 to /Game/UEDPIE_0_SpanishCourtyard3.SpanishCourtyard3 (0.005075s)
[2016.12.01-20.08.11:710][650]LogInit: XAudio2 using 'Speakers (Realtek High Definition Audio)' : 2 channels at 48 kHz using 32 bits per sample (channel mask 0x3)
[2016.12.01-20.08.11:720][650]LogInit: FAudioDevice initialized.
[2016.12.01-20.08.11:799][650]LogWorld: Game class is 'ThirdPersonGameMode_C'
[2016.12.01-20.08.11:802][650]LogPhysics:Warning: AddConvexElemsToRigidActor: [/Engine/BasicShapes/Cube.Cube] ConvexElem[0] invalid
[2016.12.01-20.08.11:802][650]LogPhysics:Warning: AddConvexElemsToRigidActor: [/Engine/BasicShapes/Cube.Cube] ConvexElem[0] invalid
[2016.12.01-20.08.11:803][650]LogPhysics:Warning: AddConvexElemsToRigidActor: [/Engine/BasicShapes/Cube.Cube] ConvexElem[0] invalid
[2016.12.01-20.08.11:806][650]LogWorld: Bringing World /Game/UEDPIE_0_SpanishCourtyard3.SpanishCourtyard3 up for play (max tick rate 0) at 2016.12.01-12.08.11
[2016.12.01-20.08.11:806][650]LogWorld: Bringing up level for play took: 0.005816
[2016.12.01-20.08.11:825][650]LogContentBrowser: Native class hierarchy updated for 'MovieSceneCapture' in 0.0006 seconds. Added 11 classes and 0 folders.
[2016.12.01-20.08.11:828][650]PIE: Info Play in editor start time for /Game/UEDPIE_0_SpanishCourtyard3 -0.148
[2016.12.01-20.08.52:129][ 48]LogAIModule: Creating AISystem for world SpanishCourtyard6
[2016.12.01-20.08.54:517][ 48]Cmd: MAP LOAD FILE="../../../../../../Users/Dckahler/Desktop/MyProject4/Content/Maps/SpanishCourtyard6.umap" TEMPLATE=0 SHOWPROGRESS=1 FEATURELEVEL=3
[2016.12.01-20.08.54:518][ 48]LightingResults: New page: Lighting Build
[2016.12.01-20.08.54:519][ 48]LoadErrors: New page: Loading map: SpanishCourtyard6.umap
[2016.12.01-20.08.54:520][ 48]MapCheck: New page: Map Check
[2016.12.01-20.08.54:520][ 48]LightingResults: New page: Lighting Build
[2016.12.01-20.08.54:533][ 48]LogPhysics:Warning: AddConvexElemsToRigidActor: [/Engine/BasicShapes/Cube.Cube] ConvexElem[0] invalid
[2016.12.01-20.08.54:533][ 48]LogPhysics:Warning: AddConvexElemsToRigidActor: [/Engine/BasicShapes/Cube.Cube] ConvexElem[0] invalid
[2016.12.01-20.08.54:533][ 48]LogPhysics:Warning: AddConvexElemsToRigidActor: [/Engine/BasicShapes/Cube.Cube] ConvexElem[0] invalid
[2016.12.01-20.08.54:536][ 48]LogEditorServer: Finished looking for orphan Actors (0.000 secs)
[2016.12.01-20.08.54:561][ 48]Cmd: MAP CHECKDEP NOCLEARLOG
[2016.12.01-20.08.54:776][ 48]MapCheck: Info Map check complete: 0 Error(s), 0 Warning(s), took 215.015ms to complete.
[2016.12.01-20.08.54:778][ 48]LogFileHelpers: Loading map 'SpanishCourtyard6' took 0.262
[2016.12.01-20.08.56:651][254]LogPlayLevel: PlayLevel: No blueprints needed recompiling
[2016.12.01-20.08.56:651][254]PIE: New page: PIE session: SpanishCourtyard6 (Dec 1, 2016, 4:08:56 AM)
[2016.12.01-20.08.56:651][254]LogPlayLevel: Creating play world package: /Game/Maps/UEDPIE_0_SpanishCourtyard6
[2016.12.01-20.08.56:656][254]LogPlayLevel: PIE: StaticDuplicateObject took: (0.004934s)
[2016.12.01-20.08.56:657][254]LogAIModule: Creating AISystem for world SpanishCourtyard6
[2016.12.01-20.08.56:657][254]LogPlayLevel: PIE: World Init took: (0.000639s)
[2016.12.01-20.08.56:657][254]LogPlayLevel: PIE: Created PIE world by copying editor world from /Game/Maps/SpanishCourtyard6.SpanishCourtyard6 to /Game/Maps/UEDPIE_0_SpanishCourtyard6.SpanishCourtyard6 (0.005788s)
[2016.12.01-20.08.56:671][254]LogInit: XAudio2 using 'Speakers (Realtek High Definition Audio)' : 2 channels at 48 kHz using 32 bits per sample (channel mask 0x3)
[2016.12.01-20.08.56:679][254]LogInit: FAudioDevice initialized.
[2016.12.01-20.08.56:732][254]LogWorld: Game class is 'ThirdPersonGameMode_C'
[2016.12.01-20.08.56:735][254]LogPhysics:Warning: AddConvexElemsToRigidActor: [/Engine/BasicShapes/Cube.Cube] ConvexElem[0] invalid
[2016.12.01-20.08.56:735][254]LogPhysics:Warning: AddConvexElemsToRigidActor: [/Engine/BasicShapes/Cube.Cube] ConvexElem[0] invalid
[2016.12.01-20.08.56:735][254]LogPhysics:Warning: AddConvexElemsToRigidActor: [/Engine/BasicShapes/Cube.Cube] ConvexElem[0] invalid
[2016.12.01-20.08.56:740][254]LogWorld: Bringing World /Game/Maps/UEDPIE_0_SpanishCourtyard6.SpanishCourtyard6 up for play (max tick rate 0) at 2016.12.01-12.08.56
[2016.12.01-20.08.56:741][254]LogWorld: Bringing up level for play took: 0.007240
[2016.12.01-20.08.56:744][254]PIE: Info Play in editor start time for /Game/Maps/UEDPIE_0_SpanishCourtyard6 0.766
[2016.12.01-20.09.16:640][628]LogEditorViewport: Clicking on Actor (LMB): PostProcessVolume (PostProcessVolume)
[2016.12.01-20.09.17:021][667]Cmd: CAMERA ALIGN ACTIVEVIEWPORTONLY
[2016.12.01-20.09.19:092][893]LogEditorViewport: Clicking Background
[2016.12.01-20.09.28:298][993]LogEditorViewport: Clicking on Actor (LMB): StaticMeshActor (FLOOR)
[2016.12.01-20.09.29:645][146]LogEditorViewport: Clicking on Actor (LMB): StaticMeshActor (FLOOR)
[2016.12.01-20.09.30:100][198]LogEditorViewport: Clicking on Actor (LMB): StaticMeshActor (fountain)
[2016.12.01-20.09.30:569][248]Cmd: CAMERA ALIGN ACTIVEVIEWPORTONLY
[2016.12.01-20.09.31:759][376]LogEditorViewport: Clicking on Actor (LMB): StaticMeshActor (FLOOR)
[2016.12.01-20.09.40:378][330]LogMaterial: Missing cached shader map for material floor2, compiling. 
[2016.12.01-20.09.40:496][330]LogMaterial: Missing cached shader map for material floor2, compiling. 
[2016.12.01-20.09.40:507][330]LogMaterial: 0.00 seconds spent updating 1 materials, 1 interfaces, 0 instances, 0 with static permutations.
[2016.12.01-20.09.40:530][330]LogMaterial: Missing cached shader map for material FMatExpressionPreview MaterialExpressionTextureSample_0, compiling. 
[2016.12.01-20.09.40:534][330]LogMaterial: Missing cached shader map for material FMatExpressionPreview MaterialExpressionTextureSample_1, compiling. 
[2016.12.01-20.09.42:824][451]MaterialEditorStats: Info Base pass shader with static lighting: 54 instructions
[2016.12.01-20.09.42:824][451]MaterialEditorStats: Info Base pass shader with only dynamic lighting: 28 instructions
[2016.12.01-20.09.42:824][451]MaterialEditorStats: Info Base pass shader for self shadowed translucency: 65 instructions
[2016.12.01-20.09.42:824][451]MaterialEditorStats: Info Vertex shader: 68 instructions
[2016.12.01-20.09.42:824][451]MaterialEditorStats: Info Texture samplers: 5/16
[2016.12.01-20.10.05:597][305]LogMaterial: Missing cached shader map for material floor2, compiling. 
[2016.12.01-20.10.05:608][305]LogMaterial: 0.00 seconds spent updating 1 materials, 1 interfaces, 0 instances, 0 with static permutations.
[2016.12.01-20.10.07:352][417]MaterialEditorStats: Info Base pass shader with static lighting: 54 instructions
[2016.12.01-20.10.07:352][417]MaterialEditorStats: Info Base pass shader with only dynamic lighting: 28 instructions
[2016.12.01-20.10.07:352][417]MaterialEditorStats: Info Base pass shader for self shadowed translucency: 65 instructions
[2016.12.01-20.10.07:352][417]MaterialEditorStats: Info Vertex shader: 68 instructions
[2016.12.01-20.10.07:352][417]MaterialEditorStats: Info Texture samplers: 5/16
[2016.12.01-20.10.52:625][853]LogMaterial: Missing cached shader map for material Grass, compiling. 
[2016.12.01-20.10.52:723][853]LogMaterial: Missing cached shader map for material Grass, compiling. 
[2016.12.01-20.10.52:733][853]LogMaterial: 0.00 seconds spent updating 1 materials, 1 interfaces, 0 instances, 0 with static permutations.
[2016.12.01-20.10.52:759][853]LogMaterial: Missing cached shader map for material FMatExpressionPreview MaterialExpressionVectorParameter_0, compiling. 
[2016.12.01-20.10.53:684][891]MaterialEditorStats: Info Base pass shader with static lighting: 51 instructions
[2016.12.01-20.10.53:684][891]MaterialEditorStats: Info Base pass shader with only dynamic lighting: 22 instructions
[2016.12.01-20.10.53:684][891]MaterialEditorStats: Info Vertex shader: 29 instructions
[2016.12.01-20.10.53:684][891]MaterialEditorStats: Info Texture samplers: 2/16
[2016.12.01-20.11.14:539][489]LogMaterial: Missing cached shader map for material Grass, compiling. 
[2016.12.01-20.11.14:549][489]LogMaterial: 0.00 seconds spent updating 1 materials, 1 interfaces, 0 instances, 0 with static permutations.
[2016.12.01-20.11.14:572][489]LogMaterial: Missing cached shader map for material FMatExpressionPreview MaterialExpressionVectorParameter_0, compiling. 
[2016.12.01-20.11.14:575][489]0.562886
[2016.12.01-20.11.14:578][489]LogMaterial: Missing cached shader map for material Grass, compiling. 
[2016.12.01-20.11.14:588][489]LogMaterial: 0.00 seconds spent updating 1 materials, 1 interfaces, 0 instances, 0 with static permutations.
[2016.12.01-20.11.14:613][489]LogMaterial: Missing cached shader map for material FMatExpressionPreview MaterialExpressionVectorParameter_0, compiling. 
[2016.12.01-20.11.14:616][489]0.571020
[2016.12.01-20.11.14:619][489]LogMaterial: Missing cached shader map for material Grass, compiling. 
[2016.12.01-20.11.14:629][489]LogMaterial: 0.00 seconds spent updating 1 materials, 1 interfaces, 0 instances, 0 with static permutations.
[2016.12.01-20.11.14:654][489]LogMaterial: Missing cached shader map for material FMatExpressionPreview MaterialExpressionVectorParameter_0, compiling. 
[2016.12.01-20.11.14:657][489]0.585654
[2016.12.01-20.11.14:660][489]LogMaterial: Missing cached shader map for material Grass, compiling. 
[2016.12.01-20.11.14:670][489]LogMaterial: 0.00 seconds spent updating 1 materials, 1 interfaces, 0 instances, 0 with static permutations.
[2016.12.01-20.11.14:694][489]LogMaterial: Missing cached shader map for material FMatExpressionPreview MaterialExpressionVectorParameter_0, compiling. 
[2016.12.01-20.11.14:697][489]0.593841
[2016.12.01-20.11.14:700][489]LogMaterial: Missing cached shader map for material Grass, compiling. 
[2016.12.01-20.11.14:711][489]LogMaterial: 0.00 seconds spent updating 1 materials, 1 interfaces, 0 instances, 0 with static permutations.
[2016.12.01-20.11.14:735][489]LogMaterial: Missing cached shader map for material FMatExpressionPreview MaterialExpressionVectorParameter_0, compiling. 
[2016.12.01-20.11.14:738][489]0.618806
[2016.12.01-20.11.14:741][489]LogMaterial: Missing cached shader map for material Grass, compiling. 
[2016.12.01-20.11.14:751][489]LogMaterial: 0.00 seconds spent updating 1 materials, 1 interfaces, 0 instances, 0 with static permutations.
[2016.12.01-20.11.14:775][489]LogMaterial: Missing cached shader map for material FMatExpressionPreview MaterialExpressionVectorParameter_0, compiling. 
[2016.12.01-20.11.14:778][489]0.627253
[2016.12.01-20.11.14:782][489]LogMaterial: Missing cached shader map for material Grass, compiling. 
[2016.12.01-20.11.14:794][489]LogMaterial: 0.00 seconds spent updating 1 materials, 1 interfaces, 0 instances, 0 with static permutations.
[2016.12.01-20.11.14:822][489]LogMaterial: Missing cached shader map for material FMatExpressionPreview MaterialExpressionVectorParameter_0, compiling. 
[2016.12.01-20.11.14:826][489]0.635758
[2016.12.01-20.11.14:830][489]LogMaterial: Missing cached shader map for material Grass, compiling. 
[2016.12.01-20.11.14:846][489]LogMaterial: 0.00 seconds spent updating 1 materials, 1 interfaces, 0 instances, 0 with static permutations.
[2016.12.01-20.11.14:871][489]LogMaterial: Missing cached shader map for material FMatExpressionPreview MaterialExpressionVectorParameter_0, compiling. 
[2016.12.01-20.11.14:875][489]0.652935
[2016.12.01-20.11.14:879][489]LogMaterial: Missing cached shader map for material Grass, compiling. 
[2016.12.01-20.11.14:895][489]LogMaterial: 0.00 seconds spent updating 1 materials, 1 interfaces, 0 instances, 0 with static permutations.
[2016.12.01-20.11.14:923][489]LogMaterial: Missing cached shader map for material FMatExpressionPreview MaterialExpressionVectorParameter_0, compiling. 
[2016.12.01-20.11.14:927][489]0.661602
[2016.12.01-20.11.14:931][489]LogMaterial: Missing cached shader map for material Grass, compiling. 
[2016.12.01-20.11.14:948][489]LogMaterial: 0.00 seconds spent updating 1 materials, 1 interfaces, 0 instances, 0 with static permutations.
[2016.12.01-20.11.14:977][489]LogMaterial: Missing cached shader map for material FMatExpressionPreview MaterialExpressionVectorParameter_0, compiling. 
[2016.12.01-20.11.14:981][489]0.664711
[2016.12.01-20.11.14:986][489]LogMaterial: Missing cached shader map for material Grass, compiling. 
[2016.12.01-20.11.15:004][489]LogMaterial: 0.00 seconds spent updating 1 materials, 1 interfaces, 0 instances, 0 with static permutations.
[2016.12.01-20.11.15:030][489]LogMaterial: Missing cached shader map for material FMatExpressionPreview MaterialExpressionVectorParameter_0, compiling. 
[2016.12.01-20.11.15:035][489]0.691356
[2016.12.01-20.11.15:040][489]LogMaterial: Missing cached shader map for material Grass, compiling. 
[2016.12.01-20.11.15:057][489]LogMaterial: 0.00 seconds spent updating 1 materials, 1 interfaces, 0 instances, 0 with static permutations.
[2016.12.01-20.11.15:084][489]LogMaterial: Missing cached shader map for material FMatExpressionPreview MaterialExpressionVectorParameter_0, compiling. 
[2016.12.01-20.11.15:089][489]0.713295
[2016.12.01-20.11.15:094][489]LogMaterial: Missing cached shader map for material Grass, compiling. 
[2016.12.01-20.11.15:110][489]LogMaterial: 0.00 seconds spent updating 1 materials, 1 interfaces, 0 instances, 0 with static permutations.
[2016.12.01-20.11.15:137][489]LogMaterial: Missing cached shader map for material FMatExpressionPreview MaterialExpressionVectorParameter_0, compiling. 
[2016.12.01-20.11.15:141][489]0.708333
[2016.12.01-20.11.15:145][489]LogMaterial: Missing cached shader map for material Grass, compiling. 
[2016.12.01-20.11.15:160][489]LogMaterial: 0.00 seconds spent updating 1 materials, 1 interfaces, 0 instances, 0 with static permutations.
[2016.12.01-20.11.15:184][489]LogMaterial: Missing cached shader map for material FMatExpressionPreview MaterialExpressionVectorParameter_0, compiling. 
[2016.12.01-20.11.15:189][489]0.712762
[2016.12.01-20.11.15:222][490]LogMaterial: Missing cached shader map for material Grass, compiling. 
[2016.12.01-20.11.15:236][490]LogMaterial: 0.00 seconds spent updating 1 materials, 1 interfaces, 0 instances, 0 with static permutations.
[2016.12.01-20.11.15:261][490]LogMaterial: Missing cached shader map for material FMatExpressionPreview MaterialExpressionVectorParameter_0, compiling. 
[2016.12.01-20.11.15:266][490]0.722064
[2016.12.01-20.11.15:271][490]LogMaterial: Missing cached shader map for material Grass, compiling. 
[2016.12.01-20.11.15:288][490]LogMaterial: 0.00 seconds spent updating 1 materials, 1 interfaces, 0 instances, 0 with static permutations.
[2016.12.01-20.11.15:313][490]LogMaterial: Missing cached shader map for material FMatExpressionPreview MaterialExpressionVectorParameter_0, compiling. 
[2016.12.01-20.11.15:318][490]0.731395
[2016.12.01-20.11.15:323][490]LogMaterial: Missing cached shader map for material Grass, compiling. 
[2016.12.01-20.11.15:338][490]LogMaterial: 0.00 seconds spent updating 1 materials, 1 interfaces, 0 instances, 0 with static permutations.
[2016.12.01-20.11.15:366][490]LogMaterial: Missing cached shader map for material FMatExpressionPreview MaterialExpressionVectorParameter_0, compiling. 
[2016.12.01-20.11.15:370][490]0.740756
[2016.12.01-20.11.15:375][490]LogMaterial: Missing cached shader map for material Grass, compiling. 
[2016.12.01-20.11.15:392][490]LogMaterial: 0.00 seconds spent updating 1 materials, 1 interfaces, 0 instances, 0 with static permutations.
[2016.12.01-20.11.15:420][490]LogMaterial: Missing cached shader map for material FMatExpressionPreview MaterialExpressionVectorParameter_0, compiling. 
[2016.12.01-20.11.15:424][490]0.760488
[2016.12.01-20.11.15:429][490]LogMaterial: Missing cached shader map for material Grass, compiling. 
[2016.12.01-20.11.15:445][490]LogMaterial: 0.00 seconds spent updating 1 materials, 1 interfaces, 0 instances, 0 with static permutations.
[2016.12.01-20.11.15:473][490]LogMaterial: Missing cached shader map for material FMatExpressionPreview MaterialExpressionVectorParameter_0, compiling. 
[2016.12.01-20.11.15:478][490]0.785337
[2016.12.01-20.11.15:484][490]LogMaterial: Missing cached shader map for material Grass, compiling. 
[2016.12.01-20.11.15:499][490]LogMaterial: 0.00 seconds spent updating 1 materials, 1 interfaces, 0 instances, 0 with static permutations.
[2016.12.01-20.11.15:526][490]LogMaterial: Missing cached shader map for material FMatExpressionPreview MaterialExpressionVectorParameter_0, compiling. 
[2016.12.01-20.11.15:530][490]0.795018
[2016.12.01-20.11.15:535][490]LogMaterial: Missing cached shader map for material Grass, compiling. 
[2016.12.01-20.11.15:553][490]LogMaterial: 0.00 seconds spent updating 1 materials, 1 interfaces, 0 instances, 0 with static permutations.
[2016.12.01-20.11.15:579][490]LogMaterial: Missing cached shader map for material FMatExpressionPreview MaterialExpressionVectorParameter_0, compiling. 
[2016.12.01-20.11.15:583][490]0.787613
[2016.12.01-20.11.15:588][490]LogMaterial: Missing cached shader map for material Grass, compiling. 
[2016.12.01-20.11.15:603][490]LogMaterial: 0.00 seconds spent updating 1 materials, 1 interfaces, 0 instances, 0 with static permutations.
[2016.12.01-20.11.15:632][490]LogMaterial: Missing cached shader map for material FMatExpressionPreview MaterialExpressionVectorParameter_0, compiling. 
[2016.12.01-20.11.15:637][490]0.797402
[2016.12.01-20.11.15:641][490]LogMaterial: Missing cached shader map for material Grass, compiling. 
[2016.12.01-20.11.15:656][490]LogMaterial: 0.00 seconds spent updating 1 materials, 1 interfaces, 0 instances, 0 with static permutations.
[2016.12.01-20.11.15:685][490]LogMaterial: Missing cached shader map for material FMatExpressionPreview MaterialExpressionVectorParameter_0, compiling. 
[2016.12.01-20.11.16:262][513]MaterialEditorStats: Info Base pass shader with static lighting: 51 instructions
[2016.12.01-20.11.16:262][513]MaterialEditorStats: Info Base pass shader with only dynamic lighting: 22 instructions
[2016.12.01-20.11.16:262][513]MaterialEditorStats: Info Vertex shader: 29 instructions
[2016.12.01-20.11.16:262][513]MaterialEditorStats: Info Texture samplers: 2/16
[2016.12.01-20.11.16:958][565]LogMaterial: Missing cached shader map for material Grass, compiling. 
[2016.12.01-20.11.16:968][565]LogMaterial: 0.00 seconds spent updating 1 materials, 1 interfaces, 0 instances, 0 with static permutations.
[2016.12.01-20.11.16:991][565]LogMaterial: Missing cached shader map for material FMatExpressionPreview MaterialExpressionVectorParameter_0, compiling. 
[2016.12.01-20.11.16:996][565]0.793925
[2016.12.01-20.11.17:001][565]LogMaterial: Missing cached shader map for material Grass, compiling. 
[2016.12.01-20.11.17:014][565]LogMaterial: 0.00 seconds spent updating 1 materials, 1 interfaces, 0 instances, 0 with static permutations.
[2016.12.01-20.11.17:047][565]LogMaterial: Missing cached shader map for material FMatExpressionPreview MaterialExpressionVectorParameter_0, compiling. 
[2016.12.01-20.11.17:051][565]0.790569
[2016.12.01-20.11.17:055][565]LogMaterial: Missing cached shader map for material Grass, compiling. 
[2016.12.01-20.11.17:065][565]LogMaterial: 0.00 seconds spent updating 1 materials, 1 interfaces, 0 instances, 0 with static permutations.
[2016.12.01-20.11.17:088][565]LogMaterial: Missing cached shader map for material FMatExpressionPreview MaterialExpressionVectorParameter_0, compiling. 
[2016.12.01-20.11.17:091][565]0.764331
[2016.12.01-20.11.17:095][565]LogMaterial: Missing cached shader map for material Grass, compiling. 
[2016.12.01-20.11.17:105][565]LogMaterial: 0.00 seconds spent updating 1 materials, 1 interfaces, 0 instances, 0 with static permutations.
[2016.12.01-20.11.17:130][565]LogMaterial: Missing cached shader map for material FMatExpressionPreview MaterialExpressionVectorParameter_0, compiling. 
[2016.12.01-20.11.17:135][565]0.751301
[2016.12.01-20.11.17:140][565]LogMaterial: Missing cached shader map for material Grass, compiling. 
[2016.12.01-20.11.17:157][565]LogMaterial: 0.00 seconds spent updating 1 materials, 1 interfaces, 0 instances, 0 with static permutations.
[2016.12.01-20.11.17:199][565]LogMaterial: Missing cached shader map for material FMatExpressionPreview MaterialExpressionVectorParameter_0, compiling. 
[2016.12.01-20.11.17:204][565]0.748334
[2016.12.01-20.11.17:209][565]LogMaterial: Missing cached shader map for material Grass, compiling. 
[2016.12.01-20.11.17:225][565]LogMaterial: 0.00 seconds spent updating 1 materials, 1 interfaces, 0 instances, 0 with static permutations.
[2016.12.01-20.11.17:252][565]LogMaterial: Missing cached shader map for material FMatExpressionPreview MaterialExpressionVectorParameter_0, compiling. 
[2016.12.01-20.11.17:258][565]0.720032
[2016.12.01-20.11.17:263][565]LogMaterial: Missing cached shader map for material Grass, compiling. 
[2016.12.01-20.11.17:277][565]LogMaterial: 0.00 seconds spent updating 1 materials, 1 interfaces, 0 instances, 0 with static permutations.
[2016.12.01-20.11.17:305][565]LogMaterial: Missing cached shader map for material FMatExpressionPreview MaterialExpressionVectorParameter_0, compiling. 
[2016.12.01-20.11.17:309][565]0.707414
[2016.12.01-20.11.17:313][565]LogMaterial: Missing cached shader map for material Grass, compiling. 
[2016.12.01-20.11.17:329][565]LogMaterial: 0.00 seconds spent updating 1 materials, 1 interfaces, 0 instances, 0 with static permutations.
[2016.12.01-20.11.17:359][565]LogMaterial: Missing cached shader map for material FMatExpressionPreview MaterialExpressionVectorParameter_0, compiling. 
[2016.12.01-20.11.17:364][565]0.674595
[2016.12.01-20.11.17:369][565]LogMaterial: Missing cached shader map for material Grass, compiling. 
[2016.12.01-20.11.17:384][565]LogMaterial: 0.00 seconds spent updating 1 materials, 1 interfaces, 0 instances, 0 with static permutations.
[2016.12.01-20.11.17:411][565]LogMaterial: Missing cached shader map for material FMatExpressionPreview MaterialExpressionVectorParameter_0, compiling. 
[2016.12.01-20.11.17:416][565]0.631649
[2016.12.01-20.11.17:421][565]LogMaterial: Missing cached shader map for material Grass, compiling. 
[2016.12.01-20.11.17:437][565]LogMaterial: 0.00 seconds spent updating 1 materials, 1 interfaces, 0 instances, 0 with static permutations.
[2016.12.01-20.11.17:465][565]LogMaterial: Missing cached shader map for material FMatExpressionPreview MaterialExpressionVectorParameter_0, compiling. 
[2016.12.01-20.11.17:469][565]0.621518
[2016.12.01-20.11.17:527][567]LogMaterial: Missing cached shader map for material Grass, compiling. 
[2016.12.01-20.11.17:543][567]LogMaterial: 0.00 seconds spent updating 1 materials, 1 interfaces, 0 instances, 0 with static permutations.
[2016.12.01-20.11.17:572][567]LogMaterial: Missing cached shader map for material FMatExpressionPreview MaterialExpressionVectorParameter_0, compiling. 
[2016.12.01-20.11.18:174][593]MaterialEditorStats: Info Base pass shader with static lighting: 51 instructions
[2016.12.01-20.11.18:174][593]MaterialEditorStats: Info Base pass shader with only dynamic lighting: 22 instructions
[2016.12.01-20.11.18:174][593]MaterialEditorStats: Info Vertex shader: 29 instructions
[2016.12.01-20.11.18:174][593]MaterialEditorStats: Info Texture samplers: 2/16
[2016.12.01-20.11.19:043][658]LogMaterial: Missing cached shader map for material Grass, compiling. 
[2016.12.01-20.11.19:052][658]LogMaterial: 0.00 seconds spent updating 1 materials, 1 interfaces, 0 instances, 0 with static permutations.
[2016.12.01-20.11.19:078][658]LogMaterial: Missing cached shader map for material FMatExpressionPreview MaterialExpressionVectorParameter_0, compiling. 
[2016.12.01-20.11.19:082][658]0.613965
[2016.12.01-20.11.19:111][659]LogMaterial: Missing cached shader map for material Grass, compiling. 
[2016.12.01-20.11.19:121][659]LogMaterial: 0.00 seconds spent updating 1 materials, 1 interfaces, 0 instances, 0 with static permutations.
[2016.12.01-20.11.19:164][659]LogMaterial: Missing cached shader map for material FMatExpressionPreview MaterialExpressionVectorParameter_0, compiling. 
[2016.12.01-20.11.19:167][659]0.611397
[2016.12.01-20.11.19:171][659]LogMaterial: Missing cached shader map for material Grass, compiling. 
[2016.12.01-20.11.19:180][659]LogMaterial: 0.00 seconds spent updating 1 materials, 1 interfaces, 0 instances, 0 with static permutations.
[2016.12.01-20.11.19:259][659]LogMaterial: Missing cached shader map for material FMatExpressionPreview MaterialExpressionVectorParameter_0, compiling. 
[2016.12.01-20.11.19:264][659]0.604705
[2016.12.01-20.11.19:268][659]LogMaterial: Missing cached shader map for material Grass, compiling. 
[2016.12.01-20.11.19:285][659]LogMaterial: 0.00 seconds spent updating 1 materials, 1 interfaces, 0 instances, 0 with static permutations.
[2016.12.01-20.11.19:312][659]LogMaterial: Missing cached shader map for material FMatExpressionPreview MaterialExpressionVectorParameter_0, compiling. 
[2016.12.01-20.11.19:315][659]0.711085
[2016.12.01-20.11.19:319][659]LogMaterial: Missing cached shader map for material Grass, compiling. 
[2016.12.01-20.11.19:329][659]LogMaterial: 0.00 seconds spent updating 1 materials, 1 interfaces, 0 instances, 0 with static permutations.
[2016.12.01-20.11.19:353][659]LogMaterial: Missing cached shader map for material FMatExpressionPreview MaterialExpressionVectorParameter_0, compiling. 
[2016.12.01-20.11.19:358][659]0.731024
[2016.12.01-20.11.19:363][659]LogMaterial: Missing cached shader map for material Grass, compiling. 
[2016.12.01-20.11.19:380][659]LogMaterial: 0.00 seconds spent updating 1 materials, 1 interfaces, 0 instances, 0 with static permutations.
[2016.12.01-20.11.19:406][659]LogMaterial: Missing cached shader map for material FMatExpressionPreview MaterialExpressionVectorParameter_0, compiling. 
[2016.12.01-20.11.19:412][659]0.751157
[2016.12.01-20.11.19:416][659]LogMaterial: Missing cached shader map for material Grass, compiling. 
[2016.12.01-20.11.19:432][659]LogMaterial: 0.00 seconds spent updating 1 materials, 1 interfaces, 0 instances, 0 with static permutations.
[2016.12.01-20.11.19:460][659]LogMaterial: Missing cached shader map for material FMatExpressionPreview MaterialExpressionVectorParameter_0, compiling. 
[2016.12.01-20.11.19:465][659]0.782360
[2016.12.01-20.11.19:573][663]LogMaterial: Missing cached shader map for material Grass, compiling. 
[2016.12.01-20.11.19:588][663]LogMaterial: 0.00 seconds spent updating 1 materials, 1 interfaces, 0 instances, 0 with static permutations.
[2016.12.01-20.11.19:614][663]LogMaterial: Missing cached shader map for material FMatExpressionPreview MaterialExpressionVectorParameter_0, compiling. 
[2016.12.01-20.11.20:224][690]MaterialEditorStats: Info Base pass shader with static lighting: 51 instructions
[2016.12.01-20.11.20:224][690]MaterialEditorStats: Info Base pass shader with only dynamic lighting: 22 instructions
[2016.12.01-20.11.20:224][690]MaterialEditorStats: Info Vertex shader: 29 instructions
[2016.12.01-20.11.20:224][690]MaterialEditorStats: Info Texture samplers: 2/16
[2016.12.01-20.11.21:281][769]LogMaterial: Missing cached shader map for material Grass, compiling. 
[2016.12.01-20.11.21:290][769]LogMaterial: 0.00 seconds spent updating 1 materials, 1 interfaces, 0 instances, 0 with static permutations.
[2016.12.01-20.11.21:318][769]LogMaterial: Missing cached shader map for material FMatExpressionPreview MaterialExpressionVectorParameter_0, compiling. 
[2016.12.01-20.11.21:342][770]LogMaterial: Missing cached shader map for material Grass, compiling. 
[2016.12.01-20.11.21:351][770]LogMaterial: 0.00 seconds spent updating 1 materials, 1 interfaces, 0 instances, 0 with static permutations.
[2016.12.01-20.11.21:377][770]LogMaterial: Missing cached shader map for material FMatExpressionPreview MaterialExpressionVectorParameter_0, compiling. 
[2016.12.01-20.11.21:383][770]LogMaterial: Missing cached shader map for material Grass, compiling. 
[2016.12.01-20.11.21:392][770]LogMaterial: 0.00 seconds spent updating 1 materials, 1 interfaces, 0 instances, 0 with static permutations.
[2016.12.01-20.11.21:417][770]LogMaterial: Missing cached shader map for material FMatExpressionPreview MaterialExpressionVectorParameter_0, compiling. 
[2016.12.01-20.11.21:423][770]LogMaterial: Missing cached shader map for material Grass, compiling. 
[2016.12.01-20.11.21:432][770]LogMaterial: 0.00 seconds spent updating 1 materials, 1 interfaces, 0 instances, 0 with static permutations.
[2016.12.01-20.11.21:457][770]LogMaterial: Missing cached shader map for material FMatExpressionPreview MaterialExpressionVectorParameter_0, compiling. 
[2016.12.01-20.11.21:520][774]LogMaterial: Missing cached shader map for material Grass, compiling. 
[2016.12.01-20.11.21:529][774]LogMaterial: 0.00 seconds spent updating 1 materials, 1 interfaces, 0 instances, 0 with static permutations.
[2016.12.01-20.11.21:552][774]LogMaterial: Missing cached shader map for material FMatExpressionPreview MaterialExpressionVectorParameter_0, compiling. 
[2016.12.01-20.11.22:411][814]MaterialEditorStats: Info Base pass shader with static lighting: 51 instructions
[2016.12.01-20.11.22:411][814]MaterialEditorStats: Info Base pass shader with only dynamic lighting: 22 instructions
[2016.12.01-20.11.22:411][814]MaterialEditorStats: Info Vertex shader: 29 instructions
[2016.12.01-20.11.22:411][814]MaterialEditorStats: Info Texture samplers: 2/16
[2016.12.01-20.11.23:055][861]LogMaterial: Missing cached shader map for material Grass, compiling. 
[2016.12.01-20.11.23:065][861]LogMaterial: 0.00 seconds spent updating 1 materials, 1 interfaces, 0 instances, 0 with static permutations.
[2016.12.01-20.11.23:093][861]LogMaterial: Missing cached shader map for material FMatExpressionPreview MaterialExpressionVectorParameter_0, compiling. 
[2016.12.01-20.11.23:128][862]LogMaterial: Missing cached shader map for material Grass, compiling. 
[2016.12.01-20.11.23:139][862]LogMaterial: 0.00 seconds spent updating 1 materials, 1 interfaces, 0 instances, 0 with static permutations.
[2016.12.01-20.11.23:164][862]LogMaterial: Missing cached shader map for material FMatExpressionPreview MaterialExpressionVectorParameter_0, compiling. 
[2016.12.01-20.11.23:171][862]LogMaterial: Missing cached shader map for material Grass, compiling. 
[2016.12.01-20.11.23:181][862]LogMaterial: 0.00 seconds spent updating 1 materials, 1 interfaces, 0 instances, 0 with static permutations.
[2016.12.01-20.11.23:204][862]LogMaterial: Missing cached shader map for material FMatExpressionPreview MaterialExpressionVectorParameter_0, compiling. 
[2016.12.01-20.11.23:211][862]LogMaterial: Missing cached shader map for material Grass, compiling. 
[2016.12.01-20.11.23:221][862]LogMaterial: 0.00 seconds spent updating 1 materials, 1 interfaces, 0 instances, 0 with static permutations.
[2016.12.01-20.11.23:245][862]LogMaterial: Missing cached shader map for material FMatExpressionPreview MaterialExpressionVectorParameter_0, compiling. 
[2016.12.01-20.11.23:252][862]LogMaterial: Missing cached shader map for material Grass, compiling. 
[2016.12.01-20.11.23:263][862]LogMaterial: 0.00 seconds spent updating 1 materials, 1 interfaces, 0 instances, 0 with static permutations.
[2016.12.01-20.11.23:286][862]LogMaterial: Missing cached shader map for material FMatExpressionPreview MaterialExpressionVectorParameter_0, compiling. 
[2016.12.01-20.11.23:293][862]LogMaterial: Missing cached shader map for material Grass, compiling. 
[2016.12.01-20.11.23:310][862]LogMaterial: 0.00 seconds spent updating 1 materials, 1 interfaces, 0 instances, 0 with static permutations.
[2016.12.01-20.11.23:333][862]LogMaterial: Missing cached shader map for material FMatExpressionPreview MaterialExpressionVectorParameter_0, compiling. 
[2016.12.01-20.11.23:371][863]LogMaterial: Missing cached shader map for material Grass, compiling. 
[2016.12.01-20.11.23:387][863]LogMaterial: 0.00 seconds spent updating 1 materials, 1 interfaces, 0 instances, 0 with static permutations.
[2016.12.01-20.11.23:410][863]LogMaterial: Missing cached shader map for material FMatExpressionPreview MaterialExpressionVectorParameter_0, compiling. 
[2016.12.01-20.11.23:993][888]MaterialEditorStats: Info Base pass shader with static lighting: 51 instructions
[2016.12.01-20.11.23:993][888]MaterialEditorStats: Info Base pass shader with only dynamic lighting: 22 instructions
[2016.12.01-20.11.23:993][888]MaterialEditorStats: Info Vertex shader: 29 instructions
[2016.12.01-20.11.23:993][888]MaterialEditorStats: Info Texture samplers: 2/16
[2016.12.01-20.11.24:582][932]LogMaterial: Missing cached shader map for material Grass, compiling. 
[2016.12.01-20.11.24:592][932]LogMaterial: 0.00 seconds spent updating 1 materials, 1 interfaces, 0 instances, 0 with static permutations.
[2016.12.01-20.11.24:616][932]LogMaterial: Missing cached shader map for material FMatExpressionPreview MaterialExpressionVectorParameter_0, compiling. 
[2016.12.01-20.11.24:732][938]LogMaterial: Missing cached shader map for material Grass, compiling. 
[2016.12.01-20.11.24:741][938]LogMaterial: 0.00 seconds spent updating 1 materials, 1 interfaces, 0 instances, 0 with static permutations.
[2016.12.01-20.11.24:773][938]LogMaterial: Missing cached shader map for material FMatExpressionPreview MaterialExpressionVectorParameter_0, compiling. 
[2016.12.01-20.11.24:780][938]LogMaterial: Missing cached shader map for material Grass, compiling. 
[2016.12.01-20.11.24:790][938]LogMaterial: 0.00 seconds spent updating 1 materials, 1 interfaces, 0 instances, 0 with static permutations.
[2016.12.01-20.11.24:814][938]LogMaterial: Missing cached shader map for material FMatExpressionPreview MaterialExpressionVectorParameter_0, compiling. 
[2016.12.01-20.11.24:822][938]LogMaterial: Missing cached shader map for material Grass, compiling. 
[2016.12.01-20.11.24:837][938]LogMaterial: 0.00 seconds spent updating 1 materials, 1 interfaces, 0 instances, 0 with static permutations.
[2016.12.01-20.11.24:861][938]LogMaterial: Missing cached shader map for material FMatExpressionPreview MaterialExpressionVectorParameter_0, compiling. 
[2016.12.01-20.11.24:869][938]LogMaterial: Missing cached shader map for material Grass, compiling. 
[2016.12.01-20.11.24:885][938]LogMaterial: 0.00 seconds spent updating 1 materials, 1 interfaces, 0 instances, 0 with static permutations.
[2016.12.01-20.11.24:908][938]LogMaterial: Missing cached shader map for material FMatExpressionPreview MaterialExpressionVectorParameter_0, compiling. 
[2016.12.01-20.11.24:994][941]LogMaterial: Missing cached shader map for material Grass, compiling. 
[2016.12.01-20.11.25:010][941]LogMaterial: 0.00 seconds spent updating 1 materials, 1 interfaces, 0 instances, 0 with static permutations.
[2016.12.01-20.11.25:033][941]LogMaterial: Missing cached shader map for material FMatExpressionPreview MaterialExpressionVectorParameter_0, compiling. 
[2016.12.01-20.11.25:631][967]MaterialEditorStats: Info Base pass shader with static lighting: 51 instructions
[2016.12.01-20.11.25:631][967]MaterialEditorStats: Info Base pass shader with only dynamic lighting: 22 instructions
[2016.12.01-20.11.25:631][967]MaterialEditorStats: Info Vertex shader: 29 instructions
[2016.12.01-20.11.25:631][967]MaterialEditorStats: Info Texture samplers: 2/16
[2016.12.01-20.11.26:088][  1]LogMaterial: Missing cached shader map for material Grass, compiling. 
[2016.12.01-20.11.26:097][  1]LogMaterial: 0.00 seconds spent updating 1 materials, 1 interfaces, 0 instances, 0 with static permutations.
[2016.12.01-20.11.26:124][  1]LogMaterial: Missing cached shader map for material FMatExpressionPreview MaterialExpressionVectorParameter_0, compiling. 
[2016.12.01-20.11.26:306][  9]LogMaterial: Missing cached shader map for material Grass, compiling. 
[2016.12.01-20.11.26:322][  9]LogMaterial: 0.00 seconds spent updating 1 materials, 1 interfaces, 0 instances, 0 with static permutations.
[2016.12.01-20.11.26:346][  9]LogMaterial: Missing cached shader map for material FMatExpressionPreview MaterialExpressionVectorParameter_0, compiling. 
[2016.12.01-20.11.26:355][  9]LogMaterial: Missing cached shader map for material Grass, compiling. 
[2016.12.01-20.11.26:369][  9]LogMaterial: 0.00 seconds spent updating 1 materials, 1 interfaces, 0 instances, 0 with static permutations.
[2016.12.01-20.11.26:398][  9]LogMaterial: Missing cached shader map for material FMatExpressionPreview MaterialExpressionVectorParameter_0, compiling. 
[2016.12.01-20.11.26:408][  9]LogMaterial: Missing cached shader map for material Grass, compiling. 
[2016.12.01-20.11.26:423][  9]LogMaterial: 0.00 seconds spent updating 1 materials, 1 interfaces, 0 instances, 0 with static permutations.
[2016.12.01-20.11.26:452][  9]LogMaterial: Missing cached shader map for material FMatExpressionPreview MaterialExpressionVectorParameter_0, compiling. 
[2016.12.01-20.11.26:494][ 10]LogMaterial: Missing cached shader map for material Grass, compiling. 
[2016.12.01-20.11.26:508][ 10]LogMaterial: 0.00 seconds spent updating 1 materials, 1 interfaces, 0 instances, 0 with static permutations.
[2016.12.01-20.11.26:535][ 10]LogMaterial: Missing cached shader map for material FMatExpressionPreview MaterialExpressionVectorParameter_0, compiling. 
[2016.12.01-20.11.26:545][ 10]LogMaterial: Missing cached shader map for material Grass, compiling. 
[2016.12.01-20.11.26:562][ 10]LogMaterial: 0.00 seconds spent updating 1 materials, 1 interfaces, 0 instances, 0 with static permutations.
[2016.12.01-20.11.26:587][ 10]LogMaterial: Missing cached shader map for material FMatExpressionPreview MaterialExpressionVectorParameter_0, compiling. 
[2016.12.01-20.11.26:597][ 10]LogMaterial: Missing cached shader map for material Grass, compiling. 
[2016.12.01-20.11.26:610][ 10]LogMaterial: 0.00 seconds spent updating 1 materials, 1 interfaces, 0 instances, 0 with static permutations.
[2016.12.01-20.11.26:634][ 10]LogMaterial: Missing cached shader map for material FMatExpressionPreview MaterialExpressionVectorParameter_0, compiling. 
[2016.12.01-20.11.26:645][ 10]LogMaterial: Missing cached shader map for material Grass, compiling. 
[2016.12.01-20.11.26:659][ 10]LogMaterial: 0.00 seconds spent updating 1 materials, 1 interfaces, 0 instances, 0 with static permutations.
[2016.12.01-20.11.26:688][ 10]LogMaterial: Missing cached shader map for material FMatExpressionPreview MaterialExpressionVectorParameter_0, compiling. 
[2016.12.01-20.11.27:295][ 35]MaterialEditorStats: Info Base pass shader with static lighting: 51 instructions
[2016.12.01-20.11.27:295][ 35]MaterialEditorStats: Info Base pass shader with only dynamic lighting: 22 instructions
[2016.12.01-20.11.27:295][ 35]MaterialEditorStats: Info Vertex shader: 29 instructions
[2016.12.01-20.11.27:295][ 35]MaterialEditorStats: Info Texture samplers: 2/16
[2016.12.01-20.11.31:899][390]LogMaterialEditor: Applying material Grass
[2016.12.01-20.11.32:467][390]LogMaterial: Missing cached shader map for material Grass, compiling. 
[2016.12.01-20.11.32:489][390]LogMaterial: 0.00 seconds spent updating 1 materials, 1 interfaces, 0 instances, 0 with static permutations.
[2016.12.01-20.11.32:564][390]LogMaterial: Missing cached shader map for material Grass, compiling. 
[2016.12.01-20.11.32:605][390]LogMaterial: Missing cached shader map for material Grass, compiling. 
[2016.12.01-20.11.32:624][390]LogMaterial: 0.00 seconds spent updating 1 materials, 1 interfaces, 0 instances, 0 with static permutations.
[2016.12.01-20.11.34:264][483]LogEditorViewport: Clicking Background
[2016.12.01-20.11.34:930][538]MaterialEditorStats: Info Base pass shader with static lighting: 88 instructions
[2016.12.01-20.11.34:930][538]MaterialEditorStats: Info Base pass shader with only dynamic lighting: 58 instructions
[2016.12.01-20.11.34:930][538]MaterialEditorStats: Info Vertex shader: 29 instructions
[2016.12.01-20.11.34:930][538]MaterialEditorStats: Info Texture samplers: 3/16
[2016.12.01-20.11.45:029][455]LogMaterial: Missing cached shader map for material Grass, compiling. 
[2016.12.01-20.11.45:038][455]LogMaterial: 0.00 seconds spent updating 1 materials, 1 interfaces, 0 instances, 0 with static permutations.
[2016.12.01-20.11.45:067][455]LogMaterial: Missing cached shader map for material FMatExpressionPreview MaterialExpressionVectorParameter_0, compiling. 
[2016.12.01-20.11.45:165][456]LogMaterial: Missing cached shader map for material Grass, compiling. 
[2016.12.01-20.11.45:175][456]LogMaterial: 0.00 seconds spent updating 1 materials, 1 interfaces, 0 instances, 0 with static permutations.
[2016.12.01-20.11.45:205][456]LogMaterial: Missing cached shader map for material FMatExpressionPreview MaterialExpressionVectorParameter_0, compiling. 
[2016.12.01-20.11.45:760][483]LogMaterial: Missing cached shader map for material Grass, compiling. 
[2016.12.01-20.11.45:773][483]LogMaterial: 0.00 seconds spent updating 1 materials, 1 interfaces, 0 instances, 0 with static permutations.
[2016.12.01-20.11.45:799][483]LogMaterial: Missing cached shader map for material FMatExpressionPreview MaterialExpressionVectorParameter_0, compiling. 
[2016.12.01-20.11.46:285][508]MaterialEditorStats: Info Base pass shader with static lighting: 51 instructions
[2016.12.01-20.11.46:285][508]MaterialEditorStats: Info Base pass shader with only dynamic lighting: 22 instructions
[2016.12.01-20.11.46:285][508]MaterialEditorStats: Info Vertex shader: 29 instructions
[2016.12.01-20.11.46:285][508]MaterialEditorStats: Info Texture samplers: 2/16
[2016.12.01-20.11.47:272][597]LogMaterial: Missing cached shader map for material Grass, compiling. 
[2016.12.01-20.11.47:281][597]LogMaterial: 0.00 seconds spent updating 1 materials, 1 interfaces, 0 instances, 0 with static permutations.
[2016.12.01-20.11.47:309][597]LogMaterial: Missing cached shader map for material FMatExpressionPreview MaterialExpressionVectorParameter_0, compiling. 
[2016.12.01-20.11.47:355][599]LogMaterial: Missing cached shader map for material Grass, compiling. 
[2016.12.01-20.11.47:367][599]LogMaterial: 0.00 seconds spent updating 1 materials, 1 interfaces, 0 instances, 0 with static permutations.
[2016.12.01-20.11.47:419][599]LogMaterial: Missing cached shader map for material FMatExpressionPreview MaterialExpressionVectorParameter_0, compiling. 
[2016.12.01-20.11.47:426][599]LogMaterial: Missing cached shader map for material Grass, compiling. 
[2016.12.01-20.11.47:439][599]LogMaterial: 0.00 seconds spent updating 1 materials, 1 interfaces, 0 instances, 0 with static permutations.
[2016.12.01-20.11.47:467][599]LogMaterial: Missing cached shader map for material FMatExpressionPreview MaterialExpressionVectorParameter_0, compiling. 
[2016.12.01-20.11.47:477][599]LogMaterial: Missing cached shader map for material Grass, compiling. 
[2016.12.01-20.11.47:494][599]LogMaterial: 0.00 seconds spent updating 1 materials, 1 interfaces, 0 instances, 0 with static permutations.
[2016.12.01-20.11.47:519][599]LogMaterial: Missing cached shader map for material FMatExpressionPreview MaterialExpressionVectorParameter_0, compiling. 
[2016.12.01-20.11.47:642][604]LogMaterial: Missing cached shader map for material Grass, compiling. 
[2016.12.01-20.11.47:657][604]LogMaterial: 0.00 seconds spent updating 1 materials, 1 interfaces, 0 instances, 0 with static permutations.
[2016.12.01-20.11.47:687][604]LogMaterial: Missing cached shader map for material FMatExpressionPreview MaterialExpressionVectorParameter_0, compiling. 
[2016.12.01-20.11.48:277][634]MaterialEditorStats: Info Base pass shader with static lighting: 51 instructions
[2016.12.01-20.11.48:277][634]MaterialEditorStats: Info Base pass shader with only dynamic lighting: 22 instructions
[2016.12.01-20.11.48:277][634]MaterialEditorStats: Info Vertex shader: 29 instructions
[2016.12.01-20.11.48:277][634]MaterialEditorStats: Info Texture samplers: 2/16
[2016.12.01-20.11.49:031][699]LogMaterial: Missing cached shader map for material Grass, compiling. 
[2016.12.01-20.11.49:041][699]LogMaterial: 0.00 seconds spent updating 1 materials, 1 interfaces, 0 instances, 0 with static permutations.
[2016.12.01-20.11.49:067][699]LogMaterial: Missing cached shader map for material FMatExpressionPreview MaterialExpressionVectorParameter_0, compiling. 
[2016.12.01-20.11.49:118][701]LogMaterial: Missing cached shader map for material Grass, compiling. 
[2016.12.01-20.11.49:128][701]LogMaterial: 0.00 seconds spent updating 1 materials, 1 interfaces, 0 instances, 0 with static permutations.
[2016.12.01-20.11.49:156][701]LogMaterial: Missing cached shader map for material FMatExpressionPreview MaterialExpressionVectorParameter_0, compiling. 
[2016.12.01-20.11.49:163][701]LogMaterial: Missing cached shader map for material Grass, compiling. 
[2016.12.01-20.11.49:173][701]LogMaterial: 0.00 seconds spent updating 1 materials, 1 interfaces, 0 instances, 0 with static permutations.
[2016.12.01-20.11.49:197][701]LogMaterial: Missing cached shader map for material FMatExpressionPreview MaterialExpressionVectorParameter_0, compiling. 
[2016.12.01-20.11.49:206][701]LogMaterial: Missing cached shader map for material Grass, compiling. 
[2016.12.01-20.11.49:220][701]LogMaterial: 0.00 seconds spent updating 1 materials, 1 interfaces, 0 instances, 0 with static permutations.
[2016.12.01-20.11.49:244][701]LogMaterial: Missing cached shader map for material FMatExpressionPreview MaterialExpressionVectorParameter_0, compiling. 
[2016.12.01-20.11.49:253][701]LogMaterial: Missing cached shader map for material Grass, compiling. 
[2016.12.01-20.11.49:269][701]LogMaterial: 0.00 seconds spent updating 1 materials, 1 interfaces, 0 instances, 0 with static permutations.
[2016.12.01-20.11.49:298][701]LogMaterial: Missing cached shader map for material FMatExpressionPreview MaterialExpressionVectorParameter_0, compiling. 
[2016.12.01-20.11.49:307][701]LogMaterial: Missing cached shader map for material Grass, compiling. 
[2016.12.01-20.11.49:322][701]LogMaterial: 0.00 seconds spent updating 1 materials, 1 interfaces, 0 instances, 0 with static permutations.
[2016.12.01-20.11.49:350][701]LogMaterial: Missing cached shader map for material FMatExpressionPreview MaterialExpressionVectorParameter_0, compiling. 
[2016.12.01-20.11.49:359][701]LogMaterial: Missing cached shader map for material Grass, compiling. 
[2016.12.01-20.11.49:376][701]LogMaterial: 0.00 seconds spent updating 1 materials, 1 interfaces, 0 instances, 0 with static permutations.
[2016.12.01-20.11.49:404][701]LogMaterial: Missing cached shader map for material FMatExpressionPreview MaterialExpressionVectorParameter_0, compiling. 
[2016.12.01-20.11.49:414][701]LogMaterial: Missing cached shader map for material Grass, compiling. 
[2016.12.01-20.11.49:430][701]LogMaterial: 0.00 seconds spent updating 1 materials, 1 interfaces, 0 instances, 0 with static permutations.
[2016.12.01-20.11.49:456][701]LogMaterial: Missing cached shader map for material FMatExpressionPreview MaterialExpressionVectorParameter_0, compiling. 
[2016.12.01-20.11.49:467][701]LogMaterial: Missing cached shader map for material Grass, compiling. 
[2016.12.01-20.11.49:481][701]LogMaterial: 0.00 seconds spent updating 1 materials, 1 interfaces, 0 instances, 0 with static permutations.
[2016.12.01-20.11.49:509][701]LogMaterial: Missing cached shader map for material FMatExpressionPreview MaterialExpressionVectorParameter_0, compiling. 
[2016.12.01-20.11.50:051][728]MaterialEditorStats: Info Base pass shader with static lighting: 51 instructions
[2016.12.01-20.11.50:051][728]MaterialEditorStats: Info Base pass shader with only dynamic lighting: 22 instructions
[2016.12.01-20.11.50:051][728]MaterialEditorStats: Info Vertex shader: 29 instructions
[2016.12.01-20.11.50:051][728]MaterialEditorStats: Info Texture samplers: 2/16
[2016.12.01-20.11.50:092][731]LogMaterial: Missing cached shader map for material Grass, compiling. 
[2016.12.01-20.11.50:102][731]LogMaterial: 0.00 seconds spent updating 1 materials, 1 interfaces, 0 instances, 0 with static permutations.
[2016.12.01-20.11.50:126][731]LogMaterial: Missing cached shader map for material FMatExpressionPreview MaterialExpressionVectorParameter_0, compiling. 
[2016.12.01-20.11.50:136][731]LogMaterial: Missing cached shader map for material Grass, compiling. 
[2016.12.01-20.11.50:150][731]LogMaterial: 0.00 seconds spent updating 1 materials, 1 interfaces, 0 instances, 0 with static permutations.
[2016.12.01-20.11.50:173][731]LogMaterial: Missing cached shader map for material FMatExpressionPreview MaterialExpressionVectorParameter_0, compiling. 
[2016.12.01-20.11.50:183][731]LogMaterial: Missing cached shader map for material Grass, compiling. 
[2016.12.01-20.11.50:197][731]LogMaterial: 0.00 seconds spent updating 1 materials, 1 interfaces, 0 instances, 0 with static permutations.
[2016.12.01-20.11.50:220][731]LogMaterial: Missing cached shader map for material FMatExpressionPreview MaterialExpressionVectorParameter_0, compiling. 
[2016.12.01-20.11.50:231][731]LogMaterial: Missing cached shader map for material Grass, compiling. 
[2016.12.01-20.11.50:245][731]LogMaterial: 0.00 seconds spent updating 1 materials, 1 interfaces, 0 instances, 0 with static permutations.
[2016.12.01-20.11.50:274][731]LogMaterial: Missing cached shader map for material FMatExpressionPreview MaterialExpressionVectorParameter_0, compiling. 
[2016.12.01-20.11.50:284][731]LogMaterial: Missing cached shader map for material Grass, compiling. 
[2016.12.01-20.11.50:300][731]LogMaterial: 0.00 seconds spent updating 1 materials, 1 interfaces, 0 instances, 0 with static permutations.
[2016.12.01-20.11.50:327][731]LogMaterial: Missing cached shader map for material FMatExpressionPreview MaterialExpressionVectorParameter_0, compiling. 
[2016.12.01-20.11.50:336][731]LogMaterial: Missing cached shader map for material Grass, compiling. 
[2016.12.01-20.11.50:354][731]LogMaterial: 0.00 seconds spent updating 1 materials, 1 interfaces, 0 instances, 0 with static permutations.
[2016.12.01-20.11.50:380][731]LogMaterial: Missing cached shader map for material FMatExpressionPreview MaterialExpressionVectorParameter_0, compiling. 
[2016.12.01-20.11.50:389][731]LogMaterial: Missing cached shader map for material Grass, compiling. 
[2016.12.01-20.11.50:407][731]LogMaterial: 0.00 seconds spent updating 1 materials, 1 interfaces, 0 instances, 0 with static permutations.
[2016.12.01-20.11.50:433][731]LogMaterial: Missing cached shader map for material FMatExpressionPreview MaterialExpressionVectorParameter_0, compiling. 
[2016.12.01-20.11.50:443][731]LogMaterial: Missing cached shader map for material Grass, compiling. 
[2016.12.01-20.11.50:459][731]LogMaterial: 0.00 seconds spent updating 1 materials, 1 interfaces, 0 instances, 0 with static permutations.
[2016.12.01-20.11.50:486][731]LogMaterial: Missing cached shader map for material FMatExpressionPreview MaterialExpressionVectorParameter_0, compiling. 
[2016.12.01-20.11.50:566][734]LogMaterial: Missing cached shader map for material Grass, compiling. 
[2016.12.01-20.11.50:583][734]LogMaterial: 0.00 seconds spent updating 1 materials, 1 interfaces, 0 instances, 0 with static permutations.
[2016.12.01-20.11.50:611][734]LogMaterial: Missing cached shader map for material FMatExpressionPreview MaterialExpressionVectorParameter_0, compiling. 
[2016.12.01-20.11.50:621][734]LogMaterial: Missing cached shader map for material Grass, compiling. 
[2016.12.01-20.11.50:638][734]LogMaterial: 0.00 seconds spent updating 1 materials, 1 interfaces, 0 instances, 0 with static permutations.
[2016.12.01-20.11.50:664][734]LogMaterial: Missing cached shader map for material FMatExpressionPreview MaterialExpressionVectorParameter_0, compiling. 
[2016.12.01-20.11.50:675][734]LogMaterial: Missing cached shader map for material Grass, compiling. 
[2016.12.01-20.11.50:692][734]LogMaterial: 0.00 seconds spent updating 1 materials, 1 interfaces, 0 instances, 0 with static permutations.
[2016.12.01-20.11.50:716][734]LogMaterial: Missing cached shader map for material FMatExpressionPreview MaterialExpressionVectorParameter_0, compiling. 
[2016.12.01-20.11.51:204][756]LogMaterial: Missing cached shader map for material Grass, compiling. 
[2016.12.01-20.11.51:219][756]LogMaterial: 0.00 seconds spent updating 1 materials, 1 interfaces, 0 instances, 0 with static permutations.
[2016.12.01-20.11.51:245][756]LogMaterial: Missing cached shader map for material FMatExpressionPreview MaterialExpressionVectorParameter_0, compiling. 
[2016.12.01-20.11.51:748][781]MaterialEditorStats: Info Base pass shader with static lighting: 51 instructions
[2016.12.01-20.11.51:748][781]MaterialEditorStats: Info Base pass shader with only dynamic lighting: 22 instructions
[2016.12.01-20.11.51:748][781]MaterialEditorStats: Info Vertex shader: 29 instructions
[2016.12.01-20.11.51:748][781]MaterialEditorStats: Info Texture samplers: 2/16
[2016.12.01-20.12.20:141][428]LogMaterial: Missing cached shader map for material Grass, compiling. 
[2016.12.01-20.12.20:150][428]LogMaterial: 0.00 seconds spent updating 1 materials, 1 interfaces, 0 instances, 0 with static permutations.
[2016.12.01-20.12.20:176][428]LogMaterial: Missing cached shader map for material FMatExpressionPreview MaterialExpressionVectorParameter_0, compiling. 
[2016.12.01-20.12.21:101][481]MaterialEditorStats: Info Base pass shader with static lighting: 51 instructions
[2016.12.01-20.12.21:101][481]MaterialEditorStats: Info Base pass shader with only dynamic lighting: 22 instructions
[2016.12.01-20.12.21:101][481]MaterialEditorStats: Info Vertex shader: 29 instructions
[2016.12.01-20.12.21:101][481]MaterialEditorStats: Info Texture samplers: 2/16
[2016.12.01-20.12.23:285][688]LogEditorViewport: Clicking Background
[2016.12.01-20.12.31:335][434]LogPlayLevel: PlayLevel: No blueprints needed recompiling
[2016.12.01-20.12.31:335][434]PIE: New page: PIE session: SpanishCourtyard6 (Dec 1, 2016, 4:12:31 AM)
[2016.12.01-20.12.31:335][434]LogPlayLevel: Creating play world package: /Game/Maps/UEDPIE_0_SpanishCourtyard6
[2016.12.01-20.12.31:340][434]LogPlayLevel: PIE: StaticDuplicateObject took: (0.005526s)
[2016.12.01-20.12.31:341][434]LogAIModule: Creating AISystem for world SpanishCourtyard6
[2016.12.01-20.12.31:341][434]LogPlayLevel: PIE: World Init took: (0.000746s)
[2016.12.01-20.12.31:341][434]LogPlayLevel: PIE: Created PIE world by copying editor world from /Game/Maps/SpanishCourtyard6.SpanishCourtyard6 to /Game/Maps/UEDPIE_0_SpanishCourtyard6.SpanishCourtyard6 (0.006503s)
[2016.12.01-20.12.31:359][434]LogInit: XAudio2 using 'Speakers (Realtek High Definition Audio)' : 2 channels at 48 kHz using 32 bits per sample (channel mask 0x3)
[2016.12.01-20.12.31:367][434]LogInit: FAudioDevice initialized.
[2016.12.01-20.12.31:420][434]LogWorld: Game class is 'ThirdPersonGameMode_C'
[2016.12.01-20.12.31:424][434]LogPhysics:Warning: AddConvexElemsToRigidActor: [/Engine/BasicShapes/Cube.Cube] ConvexElem[0] invalid
[2016.12.01-20.12.31:424][434]LogPhysics:Warning: AddConvexElemsToRigidActor: [/Engine/BasicShapes/Cube.Cube] ConvexElem[0] invalid
[2016.12.01-20.12.31:424][434]LogPhysics:Warning: AddConvexElemsToRigidActor: [/Engine/BasicShapes/Cube.Cube] ConvexElem[0] invalid
[2016.12.01-20.12.31:428][434]LogWorld: Bringing World /Game/Maps/UEDPIE_0_SpanishCourtyard6.SpanishCourtyard6 up for play (max tick rate 0) at 2016.12.01-12.12.31
[2016.12.01-20.12.31:429][434]LogWorld: Bringing up level for play took: 0.007244
[2016.12.01-20.12.31:432][434]PIE: Info Play in editor start time for /Game/Maps/UEDPIE_0_SpanishCourtyard6 -0.557
[2016.12.01-20.12.46:886][871]LogEditorViewport: Clicking Background
[2016.12.01-20.12.47:820][961]LogEditorViewport: Clicking on Actor (LMB): StaticMeshActor (FLOOR)
[2016.12.01-20.12.49:697][104]LogMaterial: Missing cached shader map for material pool, compiling. 
[2016.12.01-20.12.49:784][104]LogMaterial: Missing cached shader map for material pool, compiling. 
[2016.12.01-20.12.49:794][104]LogMaterial: 0.00 seconds spent updating 1 materials, 1 interfaces, 0 instances, 0 with static permutations.
[2016.12.01-20.12.49:818][104]LogMaterial: Missing cached shader map for material FMatExpressionPreview MaterialExpressionVectorParameter_0, compiling. 
[2016.12.01-20.12.50:830][147]MaterialEditorStats: Info Base pass shader with static lighting: 51 instructions
[2016.12.01-20.12.50:830][147]MaterialEditorStats: Info Base pass shader with only dynamic lighting: 22 instructions
[2016.12.01-20.12.50:830][147]MaterialEditorStats: Info Vertex shader: 29 instructions
[2016.12.01-20.12.50:830][147]MaterialEditorStats: Info Texture samplers: 2/16
[2016.12.01-20.13.01:712][952]LogMaterial: Missing cached shader map for material pool, compiling. 
[2016.12.01-20.13.01:721][952]LogMaterial: 0.00 seconds spent updating 1 materials, 1 interfaces, 0 instances, 0 with static permutations.
[2016.12.01-20.13.01:748][952]LogMaterial: Missing cached shader map for material FMatExpressionPreview MaterialExpressionVectorParameter_0, compiling. 
[2016.12.01-20.13.01:752][952]0.623000
[2016.12.01-20.13.01:844][954]LogMaterial: Missing cached shader map for material pool, compiling. 
[2016.12.01-20.13.01:854][954]LogMaterial: 0.00 seconds spent updating 1 materials, 1 interfaces, 0 instances, 0 with static permutations.
[2016.12.01-20.13.01:878][954]LogMaterial: Missing cached shader map for material FMatExpressionPreview MaterialExpressionVectorParameter_0, compiling. 
[2016.12.01-20.13.01:881][954]0.615994
[2016.12.01-20.13.01:885][954]LogMaterial: Missing cached shader map for material pool, compiling. 
[2016.12.01-20.13.01:895][954]LogMaterial: 0.00 seconds spent updating 1 materials, 1 interfaces, 0 instances, 0 with static permutations.
[2016.12.01-20.13.01:920][954]LogMaterial: Missing cached shader map for material FMatExpressionPreview MaterialExpressionVectorParameter_0, compiling. 
[2016.12.01-20.13.01:923][954]0.576692
[2016.12.01-20.13.01:929][954]LogMaterial: Missing cached shader map for material pool, compiling. 
[2016.12.01-20.13.01:948][954]LogMaterial: 0.00 seconds spent updating 1 materials, 1 interfaces, 0 instances, 0 with static permutations.
[2016.12.01-20.13.01:973][954]LogMaterial: Missing cached shader map for material FMatExpressionPreview MaterialExpressionVectorParameter_0, compiling. 
[2016.12.01-20.13.01:977][954]0.573768
[2016.12.01-20.13.01:982][954]LogMaterial: Missing cached shader map for material pool, compiling. 
[2016.12.01-20.13.01:998][954]LogMaterial: 0.00 seconds spent updating 1 materials, 1 interfaces, 0 instances, 0 with static permutations.
[2016.12.01-20.13.02:025][954]LogMaterial: Missing cached shader map for material FMatExpressionPreview MaterialExpressionVectorParameter_0, compiling. 
[2016.12.01-20.13.02:030][954]0.563752
[2016.12.01-20.13.02:280][964]LogMaterial: Missing cached shader map for material pool, compiling. 
[2016.12.01-20.13.02:297][964]LogMaterial: 0.00 seconds spent updating 1 materials, 1 interfaces, 0 instances, 0 with static permutations.
[2016.12.01-20.13.02:324][964]LogMaterial: Missing cached shader map for material FMatExpressionPreview MaterialExpressionVectorParameter_0, compiling. 
[2016.12.01-20.13.02:329][964]0.548237
[2016.12.01-20.13.02:456][969]LogMaterial: Missing cached shader map for material pool, compiling. 
[2016.12.01-20.13.02:473][969]LogMaterial: 0.00 seconds spent updating 1 materials, 1 interfaces, 0 instances, 0 with static permutations.
[2016.12.01-20.13.02:497][969]LogMaterial: Missing cached shader map for material FMatExpressionPreview MaterialExpressionVectorParameter_0, compiling. 
[2016.12.01-20.13.02:501][969]0.538150
[2016.12.01-20.13.02:661][975]LogMaterial: Missing cached shader map for material pool, compiling. 
[2016.12.01-20.13.02:677][975]LogMaterial: 0.00 seconds spent updating 1 materials, 1 interfaces, 0 instances, 0 with static permutations.
[2016.12.01-20.13.02:701][975]LogMaterial: Missing cached shader map for material FMatExpressionPreview MaterialExpressionVectorParameter_0, compiling. 
[2016.12.01-20.13.02:704][975]0.528075
[2016.12.01-20.13.02:709][975]LogMaterial: Missing cached shader map for material pool, compiling. 
[2016.12.01-20.13.02:722][975]LogMaterial: 0.00 seconds spent updating 1 materials, 1 interfaces, 0 instances, 0 with static permutations.
[2016.12.01-20.13.02:748][975]LogMaterial: Missing cached shader map for material FMatExpressionPreview MaterialExpressionVectorParameter_0, compiling. 
[2016.12.01-20.13.02:751][975]0.505289
[2016.12.01-20.13.02:910][981]LogMaterial: Missing cached shader map for material pool, compiling. 
[2016.12.01-20.13.02:926][981]LogMaterial: 0.00 seconds spent updating 1 materials, 1 interfaces, 0 instances, 0 with static permutations.
[2016.12.01-20.13.02:950][981]LogMaterial: Missing cached shader map for material FMatExpressionPreview MaterialExpressionVectorParameter_0, compiling. 
[2016.12.01-20.13.03:522][  5]MaterialEditorStats: Info Base pass shader with static lighting: 51 instructions
[2016.12.01-20.13.03:522][  5]MaterialEditorStats: Info Base pass shader with only dynamic lighting: 22 instructions
[2016.12.01-20.13.03:522][  5]MaterialEditorStats: Info Vertex shader: 29 instructions
[2016.12.01-20.13.03:522][  5]MaterialEditorStats: Info Texture samplers: 2/16
[2016.12.01-20.13.04:192][ 54]LogMaterial: Missing cached shader map for material pool, compiling. 
[2016.12.01-20.13.04:202][ 54]LogMaterial: 0.00 seconds spent updating 1 materials, 1 interfaces, 0 instances, 0 with static permutations.
[2016.12.01-20.13.04:227][ 54]LogMaterial: Missing cached shader map for material FMatExpressionPreview MaterialExpressionVectorParameter_0, compiling. 
[2016.12.01-20.13.04:231][ 54]0.485130
[2016.12.01-20.13.04:394][ 61]LogMaterial: Missing cached shader map for material pool, compiling. 
[2016.12.01-20.13.04:405][ 61]LogMaterial: 0.00 seconds spent updating 1 materials, 1 interfaces, 0 instances, 0 with static permutations.
[2016.12.01-20.13.04:432][ 61]LogMaterial: Missing cached shader map for material FMatExpressionPreview MaterialExpressionVectorParameter_0, compiling. 
[2016.12.01-20.13.04:436][ 61]0.475073
[2016.12.01-20.13.04:439][ 61]LogMaterial: Missing cached shader map for material pool, compiling. 
[2016.12.01-20.13.04:451][ 61]LogMaterial: 0.00 seconds spent updating 1 materials, 1 interfaces, 0 instances, 0 with static permutations.
[2016.12.01-20.13.04:479][ 61]LogMaterial: Missing cached shader map for material FMatExpressionPreview MaterialExpressionVectorParameter_0, compiling. 
[2016.12.01-20.13.04:484][ 61]0.455007
[2016.12.01-20.13.04:762][ 72]LogMaterial: Missing cached shader map for material pool, compiling. 
[2016.12.01-20.13.04:777][ 72]LogMaterial: 0.00 seconds spent updating 1 materials, 1 interfaces, 0 instances, 0 with static permutations.
[2016.12.01-20.13.04:802][ 72]LogMaterial: Missing cached shader map for material FMatExpressionPreview MaterialExpressionVectorParameter_0, compiling. 
[2016.12.01-20.13.05:449][100]MaterialEditorStats: Info Base pass shader with static lighting: 51 instructions
[2016.12.01-20.13.05:450][100]MaterialEditorStats: Info Base pass shader with only dynamic lighting: 22 instructions
[2016.12.01-20.13.05:450][100]MaterialEditorStats: Info Vertex shader: 29 instructions
[2016.12.01-20.13.05:450][100]MaterialEditorStats: Info Texture samplers: 2/16
[2016.12.01-20.13.07:791][272]LogMaterial: Missing cached shader map for material pool, compiling. 
[2016.12.01-20.13.07:801][272]LogMaterial: 0.00 seconds spent updating 1 materials, 1 interfaces, 0 instances, 0 with static permutations.
[2016.12.01-20.13.07:825][272]LogMaterial: Missing cached shader map for material FMatExpressionPreview MaterialExpressionVectorParameter_0, compiling. 
[2016.12.01-20.13.07:905][275]LogMaterial: Missing cached shader map for material pool, compiling. 
[2016.12.01-20.13.07:917][275]LogMaterial: 0.00 seconds spent updating 1 materials, 1 interfaces, 0 instances, 0 with static permutations.
[2016.12.01-20.13.07:944][275]LogMaterial: Missing cached shader map for material FMatExpressionPreview MaterialExpressionVectorParameter_0, compiling. 
[2016.12.01-20.13.07:951][275]LogMaterial: Missing cached shader map for material pool, compiling. 
[2016.12.01-20.13.07:966][275]LogMaterial: 0.00 seconds spent updating 1 materials, 1 interfaces, 0 instances, 0 with static permutations.
[2016.12.01-20.13.07:991][275]LogMaterial: Missing cached shader map for material FMatExpressionPreview MaterialExpressionVectorParameter_0, compiling. 
[2016.12.01-20.13.07:999][275]LogMaterial: Missing cached shader map for material pool, compiling. 
[2016.12.01-20.13.08:009][275]LogMaterial: 0.00 seconds spent updating 1 materials, 1 interfaces, 0 instances, 0 with static permutations.
[2016.12.01-20.13.08:032][275]LogMaterial: Missing cached shader map for material FMatExpressionPreview MaterialExpressionVectorParameter_0, compiling. 
[2016.12.01-20.13.08:090][277]LogMaterial: Missing cached shader map for material pool, compiling. 
[2016.12.01-20.13.08:106][277]LogMaterial: 0.00 seconds spent updating 1 materials, 1 interfaces, 0 instances, 0 with static permutations.
[2016.12.01-20.13.08:134][277]LogMaterial: Missing cached shader map for material FMatExpressionPreview MaterialExpressionVectorParameter_0, compiling. 
[2016.12.01-20.13.08:442][289]LogMaterial: Missing cached shader map for material pool, compiling. 
[2016.12.01-20.13.08:455][289]LogMaterial: 0.00 seconds spent updating 1 materials, 1 interfaces, 0 instances, 0 with static permutations.
[2016.12.01-20.13.08:480][289]LogMaterial: Missing cached shader map for material FMatExpressionPreview MaterialExpressionVectorParameter_0, compiling. 
[2016.12.01-20.13.09:105][317]MaterialEditorStats: Info Base pass shader with static lighting: 51 instructions
[2016.12.01-20.13.09:105][317]MaterialEditorStats: Info Base pass shader with only dynamic lighting: 22 instructions
[2016.12.01-20.13.09:105][317]MaterialEditorStats: Info Vertex shader: 29 instructions
[2016.12.01-20.13.09:106][317]MaterialEditorStats: Info Texture samplers: 2/16
[2016.12.01-20.13.13:136][621]LogEditorViewport: Clicking on Actor (LMB): StaticMeshActor (FLOOR)
[2016.12.01-20.13.24:494][473]LogPlayLevel: PlayLevel: No blueprints needed recompiling
[2016.12.01-20.13.24:494][473]PIE: New page: PIE session: SpanishCourtyard6 (Dec 1, 2016, 4:13:24 AM)
[2016.12.01-20.13.24:494][473]LogPlayLevel: Creating play world package: /Game/Maps/UEDPIE_0_SpanishCourtyard6
[2016.12.01-20.13.24:499][473]LogPlayLevel: PIE: StaticDuplicateObject took: (0.005076s)
[2016.12.01-20.13.24:500][473]LogAIModule: Creating AISystem for world SpanishCourtyard6
[2016.12.01-20.13.24:500][473]LogPlayLevel: PIE: World Init took: (0.000683s)
[2016.12.01-20.13.24:500][473]LogPlayLevel: PIE: Created PIE world by copying editor world from /Game/Maps/SpanishCourtyard6.SpanishCourtyard6 to /Game/Maps/UEDPIE_0_SpanishCourtyard6.SpanishCourtyard6 (0.005987s)
[2016.12.01-20.13.24:516][473]LogInit: XAudio2 using 'Speakers (Realtek High Definition Audio)' : 2 channels at 48 kHz using 32 bits per sample (channel mask 0x3)
[2016.12.01-20.13.24:524][473]LogInit: FAudioDevice initialized.
[2016.12.01-20.13.24:580][473]LogWorld: Game class is 'ThirdPersonGameMode_C'
[2016.12.01-20.13.24:583][473]LogPhysics:Warning: AddConvexElemsToRigidActor: [/Engine/BasicShapes/Cube.Cube] ConvexElem[0] invalid
[2016.12.01-20.13.24:583][473]LogPhysics:Warning: AddConvexElemsToRigidActor: [/Engine/BasicShapes/Cube.Cube] ConvexElem[0] invalid
[2016.12.01-20.13.24:583][473]LogPhysics:Warning: AddConvexElemsToRigidActor: [/Engine/BasicShapes/Cube.Cube] ConvexElem[0] invalid
[2016.12.01-20.13.24:588][473]LogWorld: Bringing World /Game/Maps/UEDPIE_0_SpanishCourtyard6.SpanishCourtyard6 up for play (max tick rate 0) at 2016.12.01-12.13.24
[2016.12.01-20.13.24:588][473]LogWorld: Bringing up level for play took: 0.007420
[2016.12.01-20.13.24:592][473]PIE: Info Play in editor start time for /Game/Maps/UEDPIE_0_SpanishCourtyard6 0.6
[2016.12.01-20.13.34:219][328]LogEditorViewport: Clicking Background
[2016.12.01-20.13.34:927][396]LogEditorViewport: Clicking Background
[2016.12.01-20.13.35:518][453]LogEditorViewport: Clicking on Actor (LMB): StaticMeshActor (FLOOR)
[2016.12.01-20.13.36:470][525]LogEditorViewport: Clicking Background
[2016.12.01-20.13.36:819][558]LogEditorViewport: Clicking Background
[2016.12.01-20.13.37:242][599]LogEditorViewport: Clicking Background
[2016.12.01-20.13.39:904][856]LogEditorViewport: Clicking on Actor (LMB): StaticMeshActor (FLOOR)
[2016.12.01-20.13.43:258][117]LogEditorViewport: Clicking Background
[2016.12.01-20.13.47:398][477]LogMaterial: Missing cached shader map for material IndoorWater, compiling. 
[2016.12.01-20.13.47:503][477]LogMaterial: Missing cached shader map for material IndoorWater, compiling. 
[2016.12.01-20.13.47:515][477]LogMaterial: 0.00 seconds spent updating 1 materials, 1 interfaces, 0 instances, 0 with static permutations.
[2016.12.01-20.13.47:542][477]LogMaterial: Missing cached shader map for material FMatExpressionPreview MaterialExpressionTextureSample_10, compiling. 
[2016.12.01-20.13.47:546][477]LogMaterial: Missing cached shader map for material FMatExpressionPreview MaterialExpressionTextureSample_11, compiling. 
[2016.12.01-20.13.47:551][477]LogMaterial: Missing cached shader map for material FMatExpressionPreview MaterialExpressionVectorParameter_6, compiling. 
[2016.12.01-20.13.47:555][477]LogMaterial: Missing cached shader map for material FMatExpressionPreview MaterialExpressionDepthFade_0, compiling. 
[2016.12.01-20.13.49:347][561]MaterialEditorStats: Info Base pass shader with static lighting: 119 instructions
[2016.12.01-20.13.49:347][561]MaterialEditorStats: Info Base pass shader with only dynamic lighting: 95 instructions
[2016.12.01-20.13.49:347][561]MaterialEditorStats: Info Base pass shader for self shadowed translucency: 133 instructions
[2016.12.01-20.13.49:347][561]MaterialEditorStats: Info Vertex shader: 66 instructions
[2016.12.01-20.13.49:347][561]MaterialEditorStats: Info Texture samplers: 8/16
[2016.12.01-20.15.30:713][982]LogEditorViewport: Clicking Background
[2016.12.01-20.15.34:120][248]LogEditorViewport: Clicking on Actor (LMB): StaticMeshActor (FLOOR)
[2016.12.01-20.15.36:034][370]LogEditorViewport: Clicking Background
[2016.12.01-20.16.12:277][950]Cmd: DELETE
[2016.12.01-20.16.12:277][950]Cmd: ACTOR DELETE
[2016.12.01-20.16.12:278][950]LogEditorActor: Deleted Actor: SkyLight
[2016.12.01-20.16.12:288][950]LogEditorActor: Deleted 1 Actors (0.012 secs)
[2016.12.01-20.16.36:172][807]LogText:Warning: Failed to parse argument "GameModeName" as a number (using "0" as a fallback). Please check your format string for errors: "GameMode: Edit {GameModeName}".
[2016.12.01-20.17.17:073][534]LogEditorViewport: Clicking on Actor (LMB): StaticMeshActor (OuterArch)
[2016.12.01-20.17.18:674][651]LogEditorViewport: Clicking Background
[2016.12.01-20.17.19:723][749]LogEditorViewport: Clicking on Actor (LMB): StaticMeshActor (Lwall)
[2016.12.01-20.17.26:183][217]Cmd: TRANSACTION UNDO
[2016.12.01-20.17.26:183][217]LogEditorTransaction: Undo Move Actors
[2016.12.01-20.17.26:216][217]LogMaterial: Missing cached shader map for material floor2, compiling. 
[2016.12.01-20.17.26:227][217]LogMaterial: 0.00 seconds spent updating 1 materials, 1 interfaces, 0 instances, 0 with static permutations.
[2016.12.01-20.17.26:236][217]LogMaterial: Missing cached shader map for material Grass, compiling. 
[2016.12.01-20.17.26:246][217]LogMaterial: 0.00 seconds spent updating 1 materials, 1 interfaces, 0 instances, 0 with static permutations.
[2016.12.01-20.17.27:416][260]LogEditorViewport: Clicking Background
[2016.12.01-20.17.27:909][295]MaterialEditorStats: Info Base pass shader with static lighting: 54 instructions
[2016.12.01-20.17.27:909][295]MaterialEditorStats: Info Base pass shader with only dynamic lighting: 28 instructions
[2016.12.01-20.17.27:909][295]MaterialEditorStats: Info Base pass shader for self shadowed translucency: 65 instructions
[2016.12.01-20.17.27:909][295]MaterialEditorStats: Info Vertex shader: 68 instructions
[2016.12.01-20.17.27:909][295]MaterialEditorStats: Info Texture samplers: 5/16
[2016.12.01-20.17.28:315][317]MaterialEditorStats: Info Base pass shader with static lighting: 51 instructions
[2016.12.01-20.17.28:315][317]MaterialEditorStats: Info Base pass shader with only dynamic lighting: 22 instructions
[2016.12.01-20.17.28:315][317]MaterialEditorStats: Info Vertex shader: 29 instructions
[2016.12.01-20.17.28:315][317]MaterialEditorStats: Info Texture samplers: 2/16
[2016.12.01-20.17.29:033][379]LogEditorViewport: Clicking on Actor (LMB): StaticMeshActor (BWALL)
[2016.12.01-20.17.29:221][388]Cmd: CAMERA ALIGN ACTIVEVIEWPORTONLY
[2016.12.01-20.17.36:508][893]LogEditorViewport: Clicking on Actor (LMB): StaticMeshActor (Lwall)
[2016.12.01-20.17.37:262][943]LogEditorViewport: Clicking on Actor (LMB): StaticMeshActor (VinesWidth3)
[2016.12.01-20.17.37:786][977]Cmd: CAMERA ALIGN ACTIVEVIEWPORTONLY
[2016.12.01-20.17.40:373][157]LogEditorViewport: Clicking on Actor (LMB): StaticMeshActor (BWALL)
[2016.12.01-20.17.51:741][945]LogEditorViewport: Clicking on Actor (LMB): StaticMeshActor (Planterbase)
[2016.12.01-20.17.52:203][975]Cmd: CAMERA ALIGN ACTIVEVIEWPORTONLY
[2016.12.01-20.17.53:068][ 36]LogEditorViewport: Clicking Background
[2016.12.01-20.18.28:560][406]Cmd: OBJ SAVEPACKAGE PACKAGE="/Game/SpanishCourtyard6" FILE="../../../../../../Users/Dckahler/Desktop/MyProject4/Content/SpanishCourtyard6.umap" SILENT=true AUTOSAVING=false KEEPDIRTY=false
[2016.12.01-20.18.28:651][406]LogSavePackage: Save=76.46ms
[2016.12.01-20.18.28:651][406]LogSavePackage: Moving '../../../../../../Users/Dckahler/Desktop/MyProject4/Saved/SpanishCourtyard6CF53C4D4438E7F3FDE2B9D8F8A4EBE12.tmp' to '../../../../../../Users/Dckahler/Desktop/MyProject4/Content/SpanishCourtyard6.umap'
[2016.12.01-20.18.28:653][406]LogSavePackage:Display: Finished SavePackage ../../../../../../Users/Dckahler/Desktop/MyProject4/Content/SpanishCourtyard6.umap
[2016.12.01-20.18.28:696][406]LogFileHelpers: Saving map 'SpanishCourtyard6' took 0.554
[2016.12.01-20.28.39:874][186]LogFileHelpers: Editor autosave (incl. sublevels) for '/Game/SpanishCourtyard6' took 0.011
[2016.12.01-20.28.39:875][186]OBJ SavePackage: Generating thumbnails for [1] asset(s) in package [/Game/Geometry/UNREAL/Grass] ([1] browsable assets)...
[2016.12.01-20.28.39:903][186]OBJ SavePackage:     Rendered thumbnail for [Material /Game/Geometry/UNREAL/Grass.Grass]
[2016.12.01-20.28.39:903][186]OBJ SavePackage: Finished generating thumbnails for package [/Game/Geometry/UNREAL/Grass]
[2016.12.01-20.28.39:903][186]Cmd: OBJ SAVEPACKAGE PACKAGE="/Game/Geometry/UNREAL/Grass" FILE="../../../../../../Users/Dckahler/Desktop/MyProject4/Saved/Autosaves/Game/Geometry/UNREAL/Grass_Auto2.uasset" SILENT=false AUTOSAVING=true
[2016.12.01-20.28.39:936][186]LogSavePackage: Save=14.07ms
[2016.12.01-20.28.39:936][186]LogSavePackage: Moving '../../../../../../Users/Dckahler/Desktop/MyProject4/Saved/Grass_Auto21FC455D24E7C3197D25714BB6AC74E84.tmp' to '../../../../../../Users/Dckahler/Desktop/MyProject4/Saved/Autosaves/Game/Geometry/UNREAL/Grass_Auto2.uasset'
[2016.12.01-20.28.39:938][186]LogSavePackage:Display: Finished SavePackage ../../../../../../Users/Dckahler/Desktop/MyProject4/Saved/Autosaves/Game/Geometry/UNREAL/Grass_Auto2.uasset
[2016.12.01-20.28.39:938][186]LogFileHelpers: Auto-saving content packages took 0.063
[2016.12.01-20.31.45:486][743]LogEditorViewport: Clicking on Actor (LMB): StaticMeshActor (FLOOR)
[2016.12.01-20.31.51:309][130]LogEditorViewport: Clicking on Actor (LMB): StaticMeshActor (secondbeams)
[2016.12.01-20.32.42:084][632]LogEditorViewport: Clicking on Actor (LMB): StaticMeshActor (Rightwall)
[2016.12.01-20.32.42:731][674]Cmd: CAMERA ALIGN ACTIVEVIEWPORTONLY
[2016.12.01-20.32.58:315][706]Cmd: CAMERA ALIGN ACTIVEVIEWPORTONLY
[2016.12.01-20.35.30:137][842]LogEditorViewport: Clicking on Actor (LMB): StaticMeshActor (FLOOR)
[2016.12.01-20.35.31:859][955]LogEditorViewport: Clicking on Actor (LMB): StaticMeshActor (FLOOR)
[2016.12.01-20.35.39:269][459]LogEditorViewport: Clicking Background
[2016.12.01-20.35.40:169][533]LogEditorViewport: Clicking Background
[2016.12.01-20.35.40:268][540]LogEditorViewport: Clicking Background
[2016.12.01-20.35.40:726][578]LogEditorViewport: Clicking Background
[2016.12.01-20.35.40:824][585]LogEditorViewport: Clicking Background
[2016.12.01-20.35.41:253][621]LogEditorViewport: Clicking Background
[2016.12.01-20.35.42:074][687]LogEditorViewport: Clicking on Actor (LMB): StaticMeshActor (FLOOR)
[2016.12.01-20.35.42:336][701]LogEditorViewport: Clicking Background
[2016.12.01-20.35.43:084][762]LogEditorViewport: Clicking on Actor (LMB): StaticMeshActor (FLOOR)
[2016.12.01-20.35.46:889][  0]LogRenderer: Reallocating scene render targets to support 1432x1084 (Frame:236914).
[2016.12.01-20.38.56:970][282]LogPlayLevel: PlayLevel: No blueprints needed recompiling
[2016.12.01-20.38.56:970][282]PIE: New page: PIE session: SpanishCourtyard6 (Dec 1, 2016, 4:38:56 AM)
[2016.12.01-20.38.56:970][282]LogPlayLevel: Creating play world package: /Game/UEDPIE_0_SpanishCourtyard6
[2016.12.01-20.38.56:975][282]LogPlayLevel: PIE: StaticDuplicateObject took: (0.005329s)
[2016.12.01-20.38.56:976][282]LogAIModule: Creating AISystem for world SpanishCourtyard6
[2016.12.01-20.38.56:976][282]LogPlayLevel: PIE: World Init took: (0.000764s)
[2016.12.01-20.38.56:976][282]LogPlayLevel: PIE: Created PIE world by copying editor world from /Game/SpanishCourtyard6.SpanishCourtyard6 to /Game/UEDPIE_0_SpanishCourtyard6.SpanishCourtyard6 (0.006328s)
[2016.12.01-20.38.56:992][282]LogInit: XAudio2 using 'Speakers (R