Log file open, 12/14/16 11:10:48
LogInit:Display: Running engine for game: MyProject4
LogPlatformFile: Not using cached read wrapper
LogInit:Display: RandInit(-1123060799) SRandInit(-1123060795).
LogTaskGraph: Started task graph with 4 named threads and 6 total threads with 1 sets of task threads.
LogStats: Stats thread started at 0.079942
LogInit: Version: 4.12.5-3039270+++UE4+Release-4.12
LogInit: API Version: 2992821
LogInit: Net Version: 3039270
LogDevObjectVersion: Number of dev versions registered: 13
LogDevObjectVersion:   Dev-Blueprints (B0D832E4-1F89-4F0D-ACCF-7EB736FD4AA2): 3
LogDevObjectVersion:   Dev-Build (E1C64328-A22C-4D53-A36C-8E866417BD8C): 0
LogDevObjectVersion:   Dev-Core (375EC13C-06E4-48FB-B500-84F0262A717E): 1
LogDevObjectVersion:   Dev-Editor (E4B068ED-F494-42E9-A231-DA0B2E46BB41): 2
LogDevObjectVersion:   Dev-Framework (CFFC743F-43B0-4480-9391-14DF171D2073): 6
LogDevObjectVersion:   Dev-Mobile (B02B49B5-BB20-44E9-A304-32B752E40360): 0
LogDevObjectVersion:   Dev-Networking (A4E4105C-59A1-49B5-A7C5-40C4547EDFEE): 0
LogDevObjectVersion:   Dev-Online (39C831C9-5AE6-47DC-9A44-9C173E1C8E7C): 0
LogDevObjectVersion:   Dev-Physics (78F01B33-EBEA-4F98-B9B4-84EACCB95AA2): 0
LogDevObjectVersion:   Dev-Platform (6631380F-2D4D-43E0-8009-CF276956A95A): 0
LogDevObjectVersion:   Dev-Rendering (12F88B9F-8875-4AFC-A67C-D90C383ABD29): 2
LogDevObjectVersion:   Dev-Sequencer (7B5AE74C-D270-4C10-A958-57980B212A5A): 0
LogDevObjectVersion:   Dev-VR (D7296918-1DD6-4BDD-9DE2-64A83CC13884): 0
LogInit: Compiled (64-bit): Jul  6 2016 09:09:46
LogInit: Compiled with Visual C++: 19.00.23026.00
LogInit: Build Configuration: Development
LogInit: Branch Name: ++UE4+Release-4.12
LogInit: Command line: -EpicPortal 
LogInit: Base directory: C:/Program Files (x86)/Epic Games/4.12/Engine/Binaries/Win64/
LogInit: Installed Engine Build: 1
LogInit: Using libcurl 7.41.0
LogInit:  - built for x86_64-pc-win32
LogInit:  - supports SSL with WinSSL
LogInit:  - other features:
LogInit:      CURL_VERSION_SSL
LogInit:      CURL_VERSION_IPV6
LogInit:      CURL_VERSION_ASYNCHDNS
LogInit:      CURL_VERSION_LARGEFILE
LogInit:      CURL_VERSION_IDN
LogInit:  CurlRequestOptions (configurable via config and command line):
LogInit:  - bVerifyPeer = true  - Libcurl will verify peer certificate
LogInit:  - bUseHttpProxy = false  - Libcurl will NOT use HTTP proxy
LogInit:  - bDontReuseConnections = false  - Libcurl will reuse connections
LogInit:  - CertBundlePath = nullptr  - Libcurl will use whatever was configured at build time.
LogInit: Presizing for max 8388607 objects, including 0 objects not considered by GC, pre-allocating 0 bytes for permanent pool.
LogInit: Object subsystem initialized
[2016.12.14-19.10.48:343][  0]LogInit: Selected Device Profile: [Windows]
[2016.12.14-19.10.48:343][  0]LogInit: Applying CVar settings loaded from the selected device profile: [Windows]
[2016.12.14-19.10.48:367][  0]LogInit: Computer: DESKTOP-878R2T0
[2016.12.14-19.10.48:367][  0]LogInit: User: Diana
[2016.12.14-19.10.48:367][  0]LogInit: CPU Page size=65536, Cores=3
[2016.12.14-19.10.48:367][  0]LogInit: High frequency timer resolution =3.433159 MHz
[2016.12.14-19.10.48:367][  0]LogMemory: Memory total: Physical=16.0GB (16GB approx)
[2016.12.14-19.10.48:367][  0]LogMemory: Platform Memory Stats for Windows
[2016.12.14-19.10.48:367][  0]LogMemory: Process Physical Memory: 190.21 MB used, 190.21 MB peak
[2016.12.14-19.10.48:367][  0]LogMemory: Process Virtual Memory: 195.02 MB used, 195.02 MB peak
[2016.12.14-19.10.48:367][  0]LogMemory: Physical Memory: 7715.17 MB used, 16365.52 MB total
[2016.12.14-19.10.48:367][  0]LogMemory: Virtual Memory: 552.87 MB used, 134217728.00 MB total
[2016.12.14-19.10.48:400][  0]LogTextLocalizationManager: No specific translations for ('en-US') exist, so ('en') translations will be used.
[2016.12.14-19.10.48:913][  0]LogD3D11RHI: D3D11 adapters:
[2016.12.14-19.10.49:452][  0]LogD3D11RHI:    0. 'NVIDIA GeForce GTX 1070' (Feature Level 11_0)
[2016.12.14-19.10.49:452][  0]LogD3D11RHI:       8145/0/8182 MB DedicatedVideo/DedicatedSystem/SharedSystem, Outputs:2, VendorId:0x10de
[2016.12.14-19.10.49:453][  0]LogD3D11RHI:    1. 'Microsoft Basic Render Driver' (Feature Level 11_0)
[2016.12.14-19.10.49:454][  0]LogD3D11RHI:       0/0/8182 MB DedicatedVideo/DedicatedSystem/SharedSystem, Outputs:0, VendorId:0x1414
[2016.12.14-19.10.49:454][  0]LogD3D11RHI: Chosen D3D11 Adapter: 0
[2016.12.14-19.10.49:462][  0]LogD3D11RHI: Creating new Direct3DDevice
[2016.12.14-19.10.49:462][  0]LogD3D11RHI:     GPU DeviceId: 0x1b81 (for the marketing name, search the web for "GPU Device Id")
[2016.12.14-19.10.49:462][  0]LogWindows: EnumDisplayDevices:
[2016.12.14-19.10.49:463][  0]LogWindows:    0. 'NVIDIA GeForce GTX 1070' (P:1 D:1)
[2016.12.14-19.10.49:463][  0]LogWindows:    1. 'NVIDIA GeForce GTX 1070' (P:0 D:1)
[2016.12.14-19.10.49:463][  0]LogWindows:    2. 'NVIDIA GeForce GTX 1070' (P:0 D:0)
[2016.12.14-19.10.49:463][  0]LogWindows:    3. 'NVIDIA GeForce GTX 1070' (P:0 D:0)
[2016.12.14-19.10.49:463][  0]LogWindows: DebugString: FoundDriverCount:4 
[2016.12.14-19.10.49:463][  0]LogD3D11RHI:     Adapter Name: NVIDIA GeForce GTX 1070
[2016.12.14-19.10.49:463][  0]LogD3D11RHI:   Driver Version: 376.19 (internal:21.21.13.7619, unified:376.19)
[2016.12.14-19.10.49:463][  0]LogD3D11RHI:      Driver Date: 12-1-2016
[2016.12.14-19.10.49:463][  0]LogRHI: Texture pool is 1361 MB (70% of 1945 MB)
[2016.12.14-19.10.49:977][  0]LogD3D11RHI: Async texture creation enabled
[2016.12.14-19.10.50:025][  0]LogD3D11RHI: GPU Timing Frequency: 1000.000000 (Debug: 2 1)
[2016.12.14-19.10.50:026][  0]LogShaderCompilers: Guid format shader working directory is -3 characters bigger than the processId version (../../../../../../Users/Diana/Desktop/MyProject4/Intermediate/Shaders/WorkingDirectory/10292/).
[2016.12.14-19.10.50:026][  0]LogShaderCompilers: Cleaned the shader compiler working directory 'C:/Users/Diana/AppData/Local/Temp/UnrealShaderWorkingDir/532F52C04927D7D5D231109B75E66101/'.
[2016.12.14-19.10.50:026][  0]LogShaderCompilers:Display: Using Local Shader Compiler.
[2016.12.14-19.10.51:417][  0]LogTemp:Display: Loaded TP AllDesktopTargetPlatform
[2016.12.14-19.10.51:429][  0]LogTemp:Display: Loaded TP WindowsClientTargetPlatform
[2016.12.14-19.10.51:443][  0]LogTemp:Display: Loaded TP WindowsNoEditorTargetPlatform
[2016.12.14-19.10.51:456][  0]LogTemp:Display: Loaded TP WindowsServerTargetPlatform
[2016.12.14-19.10.51:468][  0]LogTemp:Display: Loaded TP WindowsTargetPlatform
[2016.12.14-19.10.51:479][  0]LogTemp:Display: Loaded TP AndroidTargetPlatform
[2016.12.14-19.10.51:489][  0]LogTemp:Display: Loaded TP Android_ASTCTargetPlatform
[2016.12.14-19.10.51:500][  0]LogTemp:Display: Loaded TP Android_ATCTargetPlatform
[2016.12.14-19.10.51:511][  0]LogTemp:Display: Loaded TP Android_DXTTargetPlatform
[2016.12.14-19.10.51:521][  0]LogTemp:Display: Loaded TP Android_ETC1TargetPlatform
[2016.12.14-19.10.51:533][  0]LogTemp:Display: Loaded TP Android_ETC2TargetPlatform
[2016.12.14-19.10.51:555][  0]LogTemp:Display: Loaded TP Android_MultiTargetPlatform
[2016.12.14-19.10.51:555][  0]LogTemp:Display: Loaded TP Android_PVRTCTargetPlatform
[2016.12.14-19.10.51:556][  0]LogTemp:Display: Loaded TP HTML5TargetPlatform
[2016.12.14-19.10.51:582][  0]LogTemp:Display: Loaded TP IOSTargetPlatform
[2016.12.14-19.10.51:592][  0]LogTemp:Display: Loaded TP TVOSTargetPlatform
[2016.12.14-19.10.51:603][  0]LogTemp:Display: Loaded TP LinuxNoEditorTargetPlatform
[2016.12.14-19.10.51:614][  0]LogTemp:Display: Loaded TP LinuxServerTargetPlatform
[2016.12.14-19.10.51:626][  0]LogTemp:Display: Loaded TP LinuxTargetPlatform
[2016.12.14-19.10.51:626][  0]LogTargetPlatformManager:Display: Building Assets For Windows
[2016.12.14-19.10.51:719][  0]LogDerivedDataCache:Display: Max Cache Size: 512 MB
[2016.12.14-19.10.51:834][  0]LogDerivedDataCache: Loaded boot cache 0.11s 62MB C:/Users/Diana/AppData/Local/UnrealEngine/4.12/DerivedDataCache/Boot.ddc.
[2016.12.14-19.10.51:834][  0]LogDerivedDataCache:Display: Loaded Boot cache: C:/Users/Diana/AppData/Local/UnrealEngine/4.12/DerivedDataCache/Boot.ddc
[2016.12.14-19.10.51:835][  0]LogDerivedDataCache: FDerivedDataBackendGraph:  Pak pak cache file ../../../../../../Users/Diana/Desktop/MyProject4/DerivedDataCache/DDC.ddp not found, will not use a pak cache.
[2016.12.14-19.10.51:835][  0]LogDerivedDataCache: Unable to find inner node Pak for hierarchical cache Hierarchy.
[2016.12.14-19.10.51:835][  0]LogDerivedDataCache: FDerivedDataBackendGraph:  CompressedPak pak cache file ../../../../../../Users/Diana/Desktop/MyProject4/DerivedDataCache/Compressed.ddp not found, will not use a pak cache.
[2016.12.14-19.10.51:835][  0]LogDerivedDataCache: Unable to find inner node CompressedPak for hierarchical cache Hierarchy.
[2016.12.14-19.10.51:863][  0]LogDerivedDataCache:Display: Pak cache opened for reading ../../../Engine/DerivedDataCache/Compressed.ddp.
[2016.12.14-19.10.51:875][  0]LogDerivedDataCache: Using Local data cache path C:/Users/Diana/AppData/Local/UnrealEngine/Common/DerivedDataCache: Writable
[2016.12.14-19.10.52:151][  0]LogInit: Selected Device Profile: [Windows]
[2016.12.14-19.10.52:151][  0]LogContentStreaming: Texture pool size is 0.00 MB
[2016.12.14-19.10.52:351][  0]LogMeshUtilities: No automatic mesh reduction module available
[2016.12.14-19.10.52:351][  0]LogMeshUtilities: No automatic mesh merging module available
[2016.12.14-19.10.52:351][  0]LogMeshUtilities: No distributed automatic mesh merging module available
[2016.12.14-19.10.52:675][  0]LogAssetRegistry: FAssetRegistry took 0.0218 seconds to start up
[2016.12.14-19.10.52:721][  0]LogPackageLocalizationCache: Processed 3 localized package path(s) for 2 prioritized culture(s) in 0.039781 seconds
[2016.12.14-19.10.52:729][  0]LogUObjectArray: 28739 objects as part of root set at end of initial load.
[2016.12.14-19.10.52:729][  0]LogUObjectAllocator: 5855624 out of 0 bytes used by permanent object pool.
[2016.12.14-19.10.52:729][  0]LogUObjectArray: CloseDisregardForGC: 0/0 objects in disregard for GC pool
[2016.12.14-19.10.52:739][  0]LogInit: WinSock: version 1.1 (2.2), MaxSocks=32767, MaxUdp=65467
[2016.12.14-19.10.52:992][  0]LogSlate: SlateFontCache - WITH_FREETYPE: 1, WITH_HARFBUZZ: 1
[2016.12.14-19.10.52:992][  0]LogSlate: SlateFontCache - WITH_FREETYPE: 1, WITH_HARFBUZZ: 1
[2016.12.14-19.10.53:858][  0]LogWmfMedia: Failed to load mf.dll
[2016.12.14-19.10.53:858][  0]LogWmfMedia: Failed to load required Windows Media Foundation libraries
[2016.12.14-19.10.53:869][  0]LogWindowsMoviePlayer: Could not load mf.dll. Library not found.
[2016.12.14-19.10.53:869][  0]LogWindowsMoviePlayer: Could not load mfplat.dll. Library not found.
[2016.12.14-19.10.53:869][  0]LogWindowsMoviePlayer: Could not load mfplay.dll. Library not found.
[2016.12.14-19.10.53:953][  0]LogSubstanceCoreModule: Substance CPU Engine Loaded, Max Texture Size 2048
[2016.12.14-19.10.53:965][  0]LogUdpMessaging: Initializing bridge on interface 0.0.0.0:0 to multicast group 230.0.0.1:6666.
[2016.12.14-19.10.54:206][  0]SourceControl: Info Source control is disabled
[2016.12.14-19.10.54:207][  0]SourceControl: Info Source control is disabled
[2016.12.14-19.10.54:216][  0]SourceControl: Info Source control is disabled
[2016.12.14-19.10.54:226][  0]SourceControl: Info Source control is disabled
[2016.12.14-19.10.54:484][  0]LogEngine: Initializing Engine...
[2016.12.14-19.10.54:485][  0]LogHMD: SteamVR failed to initialize.  Err: 110
[2016.12.14-19.10.54:486][  0]LogHMD: SteamVR failed to initialize.  Err: 110
[2016.12.14-19.10.54:669][  0]LogAIModule: Creating AISystem for world NewWorld
[2016.12.14-19.10.54:692][  0]LogInit: XAudio2 using 'Speakers (2- Logitech USB Headset)' : 2 channels at 44.1 kHz using 16 bits per sample (channel mask 0x3)
[2016.12.14-19.10.54:715][  0]LogInit: FAudioDevice initialized.
[2016.12.14-19.10.54:775][  0]LogDerivedDataCache: Saved boot cache 0.06s 62MB C:/Users/Diana/AppData/Local/UnrealEngine/4.12/DerivedDataCache/Boot.ddc.
[2016.12.14-19.10.54:794][  0]LogInit: Texture streaming: Enabled
[2016.12.14-19.10.54:830][  0]LogInit: Transaction tracking system initialized
[2016.12.14-19.10.54:857][  0]BlueprintLog: New page: Editor Load
[2016.12.14-19.10.54:946][  0]LocalizationService: Info Localization service is disabled
[2016.12.14-19.10.55:018][  0]LogConsoleResponse:Display: 
[2016.12.14-19.10.55:148][  0]LogCook:Display: Max memory allowance for cook 8192mb
[2016.12.14-19.10.55:148][  0]LogCook:Display: Mobile HDR setting 1
[2016.12.14-19.10.55:266][  0]LogFileCache: Scanning file cache for directory 'C:/Users/Diana/Desktop/MyProject4/Content/' took 0.02s
[2016.12.14-19.10.55:267][  0]SourceControl: Info Source control is disabled
[2016.12.14-19.10.55:397][  0]LogWindowsTextInputMethodSystem:Display: IME system now deactivated.
[2016.12.14-19.11.01:357][  0]LogWindowsTextInputMethodSystem:Display: IME system now deactivated.
[2016.12.14-19.11.01:399][  0]LogWindowsTextInputMethodSystem:Display: IME system now deactivated.
[2016.12.14-19.11.01:401][  0]Cmd: MAP LOAD FILE="../../../../../../Users/Diana/Desktop/MyProject4/Content/ThirdPersonBP/Maps/ThirdPersonExampleMap.umap" TEMPLATE=0 SHOWPROGRESS=1 FEATURELEVEL=3
[2016.12.14-19.11.01:410][  0]LightingResults: New page: Lighting Build
[2016.12.14-19.11.01:416][  0]MapCheck: New page: Map Check
[2016.12.14-19.11.01:416][  0]LightingResults: New page: Lighting Build
[2016.12.14-19.11.02:288][  0]LogTexture:Display: Building textures: T_ML_Rubber_Blue_01_N (BC5)
[2016.12.14-19.11.02:342][  0]LogTexture:Display: Building textures: UE4_LOGO_CARD (AutoDXT)
[2016.12.14-19.11.02:637][  0]LogTexture:Display: Building textures: UE4_Mannequin__normals (BC5)
[2016.12.14-19.11.03:315][  0]LogTexture:Display: Building textures: T_ML_Aluminum01 (AutoDXT)
[2016.12.14-19.11.03:531][  0]LogTexture:Display: Building textures: T_ML_Aluminum01_N (BC5)
[2016.12.14-19.11.03:664][  0]LogTexture:Display: Building textures: HQ_Lightmap2_1 (AutoDXT)
[2016.12.14-19.11.03:992][  0]LogTexture:Display: Building textures: HQ_Lightmap2_2 (AutoDXT)
[2016.12.14-19.11.04:201][  0]LogTexture:Display: Building textures: HQ_Lightmap2_3 (AutoDXT)
[2016.12.14-19.11.04:253][  0]LogTexture:Display: Building textures: HQ_Lightmap2_4 (AutoDXT)
[2016.12.14-19.11.04:310][  0]LogTexture:Display: Building textures: HQ_Lightmap2_5 (AutoDXT)
[2016.12.14-19.11.04:353][  0]LogTexture:Display: Building textures: HQ_Lightmap2_6 (AutoDXT)
[2016.12.14-19.11.04:372][  0]LogTexture:Display: Building textures: LQ_Lightmap_0_1 (DXT1)
[2016.12.14-19.11.04:517][  0]LogTexture:Display: Building textures: LQ_Lightmap_0_2 (DXT1)
[2016.12.14-19.11.04:618][  0]LogTexture:Display: Building textures: LQ_Lightmap_0_3 (DXT1)
[2016.12.14-19.11.04:647][  0]LogTexture:Display: Building textures: LQ_Lightmap_0_4 (DXT1)
[2016.12.14-19.11.04:671][  0]LogTexture:Display: Building textures: LQ_Lightmap_0_5 (DXT1)
[2016.12.14-19.11.04:692][  0]LogTexture:Display: Building textures: LQ_Lightmap_0_6 (DXT1)
[2016.12.14-19.11.04:707][  0]LogTexture:Display: Building textures: SkyOcclusion0_1 (AutoDXT)
[2016.12.14-19.11.04:878][  0]LogTexture:Display: Building textures: SkyOcclusion0_2 (AutoDXT)
[2016.12.14-19.11.04:979][  0]LogTexture:Display: Building textures: SkyOcclusion0_3 (AutoDXT)
[2016.12.14-19.11.05:009][  0]LogTexture:Display: Building textures: SkyOcclusion0_4 (AutoDXT)
[2016.12.14-19.11.05:032][  0]LogTexture:Display: Building textures: SkyOcclusion0_5 (AutoDXT)
[2016.12.14-19.11.05:058][  0]LogTexture:Display: Building textures: SkyOcclusion0_6 (AutoDXT)
[2016.12.14-19.11.05:071][  0]LogTexture:Display: Building textures: ShadowMapTexture2D_12 (G8)
[2016.12.14-19.11.05:105][  0]LogTexture:Display: Building textures: ShadowMapTexture2D_13 (G8)
[2016.12.14-19.11.05:136][  0]LogTexture:Display: Building textures: ShadowMapTexture2D_14 (G8)
[2016.12.14-19.11.05:143][  0]LogTexture:Display: Building textures: ShadowMapTexture2D_15 (G8)
[2016.12.14-19.11.05:150][  0]LogTexture:Display: Building textures: ShadowMapTexture2D_16 (G8)
[2016.12.14-19.11.05:156][  0]LogTexture:Display: Building textures: ShadowMapTexture2D_17 (G8)
[2016.12.14-19.11.05:245][  0]LogTexture:Display: Building textures: T_ML_Rubber_Blue_01_D (AutoDXT)
[2016.12.14-19.11.05:499][  0]LogTexture:Display: Building textures: UE4_Mannequin_MAT_MASKA (AutoDXT)
[2016.12.14-19.11.05:668][  0]LogTexture:Display: Building textures: UE4Man_Logo_N (BC5)
[2016.12.14-19.11.05:826][  0]LogAIModule: Creating AISystem for world ThirdPersonExampleMap
[2016.12.14-19.11.05:888][  0]LogEditorServer: Finished looking for orphan Actors (0.000 secs)
[2016.12.14-19.11.05:889][  0]Cmd: MAP CHECKDEP NOCLEARLOG
[2016.12.14-19.11.05:980][  0]MapCheck: Info Map check complete: 0 Error(s), 0 Warning(s), took 90.284ms to complete.
[2016.12.14-19.11.05:980][  0]LogFileHelpers: Loading map 'ThirdPersonExampleMap' took 4.579
[2016.12.14-19.11.06:145][  0]LogStats:Warning: MetaData mismatch. Did you assign a stat to two groups? New //STATGROUP_Threads//SplashScreenThread///Thread_58ec_0///####STATCAT_Advanced#### old //STATGROUP_Threads//SplashScreenThread///Thread_2b20_0///####STATCAT_Advanced####
[2016.12.14-19.11.06:145][  0]LogCollectionManager: Loaded 0 collections in 0.002306 seconds
[2016.12.14-19.11.06:198][  0]LogFileCache: Scanning file cache for directory 'C:/Users/Diana/Desktop/MyProject4/Saved/Collections/' took 0.01s
[2016.12.14-19.11.06:198][  0]LogFileCache: Scanning file cache for directory 'C:/Users/Diana/Desktop/MyProject4/Content/Developers/Diana/Collections/' took 0.01s
[2016.12.14-19.11.06:198][  0]LogFileCache: Scanning file cache for directory 'C:/Users/Diana/Desktop/MyProject4/Content/Collections/' took 0.01s
[2016.12.14-19.11.06:198][  0]LogCollectionManager: Rebuilt the GUID cache for 0 collections in 0.000004 seconds
[2016.12.14-19.11.06:211][  0]LogContentBrowser: Native class hierarchy populated in 0.0128 seconds. Added 2062 classes and 375 folders.
[2016.12.14-19.11.06:216][  0]LogStats: UGameplayTagsManager::ConstructGameplayTagTree: Construct from data asset -  0.000 s
[2016.12.14-19.11.06:217][  0]LogStats: UGameplayTagsManager::ConstructGameplayTagTree: GameplayTagTreeChangedEvent.Broadcast -  0.000 s
[2016.12.14-19.11.06:217][  0]LogContentBrowser: Native class hierarchy updated for 'GameplayTags' in 0.0006 seconds. Added 12 classes and 0 folders.
[2016.12.14-19.11.06:223][  0]LogContentBrowser: Native class hierarchy updated for 'WidgetCarousel' in 0.0004 seconds. Added 0 classes and 0 folders.
[2016.12.14-19.11.06:272][  0]LogContentBrowser: Native class hierarchy updated for 'AddContentDialog' in 0.0005 seconds. Added 0 classes and 0 folders.
[2016.12.14-19.11.06:277][  0]LogContentBrowser: Native class hierarchy updated for 'SceneOutliner' in 0.0005 seconds. Added 1 classes and 2 folders.
[2016.12.14-19.11.06:298][  0]LogCrashTracker: Crashtracker disabled due to settings.
[2016.12.14-19.11.06:331][  0]LogTexture:Display: Building textures: Blueprint_64x (BGRA8)
[2016.12.14-19.11.06:333][  0]LogTexture:Display: Building textures: icon_Editor_Preferences_General_40x (BGRA8)
[2016.12.14-19.11.06:335][  0]LogTexture:Display: Building textures: Paper2DSprite_TutorialIcon (BGRA8)
[2016.12.14-19.11.06:337][  0]LogTexture:Display: Building textures: icon_ShowSkeletalMeshes_40x (BGRA8)
[2016.12.14-19.11.06:338][  0]LogTexture:Display: Building textures: Landscape (BGRA8)
[2016.12.14-19.11.06:340][  0]LogTexture:Display: Building textures: Foliage (BGRA8)
[2016.12.14-19.11.06:375][  0]LogContentBrowser: Native class hierarchy updated for 'HierarchicalLODOutliner' in 0.0005 seconds. Added 1 classes and 2 folders.
[2016.12.14-19.11.06:375][  0]LogLoad: Full Startup: 18.99 seconds (BP compile: 0.15 seconds)
[2016.12.14-19.11.06:375][  0]LogExternalProfiler: No external profilers were discovered.  External profiling features will not be available.
[2016.12.14-19.11.06:385][  0]LogOcInput: OculusInput pre-init called
[2016.12.14-19.11.06:413][  0]LogContentStreaming: Texture pool size now 1000 MB
[2016.12.14-19.11.06:429][  0]LogTexture:Display: Building textures: icon_tab_Levels_40x (BGRA8)
[2016.12.14-19.11.06:545][  0]LogTexture:Display: Building textures: LevelGrid1DStripes (BGRA8)
[2016.12.14-19.11.06:646][  0]LogRenderer: Reallocating scene render targets to support 1288x624 (Frame:2).
[2016.12.14-19.11.06:878][  2]LogAssetRegistry: Asset discovery search completed in 14.2252 seconds
[2016.12.14-19.11.06:879][  2]LogCollectionManager: Rebuilt the object cache for 0 collections in 0.000001 seconds (found 0 objects)
[2016.12.14-19.11.06:879][  2]LogCollectionManager: Fixed up redirectors for 0 collections in 0.000033 seconds (updated 0 objects)
[2016.12.14-19.11.13:209][598]LogStaticMesh: Building static mesh ceiling...
[2016.12.14-19.11.13:213][598]LogStaticMesh: Built static mesh [0.00s] /Game/ThirdPersonBP/ceiling.ceiling
[2016.12.14-19.11.13:283][598]LogTexture:Display: Building textures: Tileable_marble_floor_tile_texture__18_ (AutoDXT)
[2016.12.14-19.11.14:260][598]LogTexture:Display: Building textures: LongPillarNormal (BC5)
[2016.12.14-19.11.14:904][598]LogMaterial: Missing cached shader map for material dx11Shader7, compiling. 
[2016.12.14-19.11.14:978][598]LogStaticMesh: Building static mesh secondpillar...
[2016.12.14-19.11.20:289][598]LogStaticMesh: Built static mesh [5.31s] /Game/Geometry/UNREAL/secondpillar.secondpillar
[2016.12.14-19.11.20:548][598]LogTexture:Display: Building textures: Seamless_marble_cream_tiles_pattern_texture_COLOR (AutoDXT)
[2016.12.14-19.11.21:508][598]LogMaterial: Missing cached shader map for material SecondFloor2, compiling. 
[2016.12.14-19.11.21:547][598]LogTexture:Display: Building textures: SecondFloor1 (AutoDXT)
[2016.12.14-19.11.21:868][598]LogMaterial: Missing cached shader map for material innersecondFloor, compiling. 
[2016.12.14-19.11.21:907][598]LogStaticMesh: Building static mesh secondfloor...
[2016.12.14-19.11.21:918][598]LogStaticMesh: Built static mesh [0.01s] /Game/Geometry/UNREAL/secondfloor.secondfloor
[2016.12.14-19.11.22:513][598]LogTexture:Display: Building textures: Brick_COLOR (AutoDXT)
[2016.12.14-19.11.40:449][598]LogTexture:Display: Building textures: Brick_NRM (BC5)
[2016.12.14-19.11.42:012][598]LogMaterial: Missing cached shader map for material SecondFloorBrick, compiling. 
[2016.12.14-19.11.42:041][598]LogStaticMesh: Building static mesh secondbritcktop...
[2016.12.14-19.11.42:045][598]LogStaticMesh: Built static mesh [0.00s] /Game/Geometry/UNREAL/secondbritcktop.secondbritcktop
[2016.12.14-19.11.42:050][598]LogMaterial: Missing cached shader map for material lambert9, compiling. 
[2016.12.14-19.11.42:099][598]LogStaticMesh: Building static mesh secondbeams...
[2016.12.14-19.11.52:705][598]LogStaticMesh: Built static mesh [10.61s] /Game/Geometry/UNREAL/secondbeams.secondbeams
[2016.12.14-19.11.52:988][598]LogMaterial: Missing cached shader map for material ScondFloorArches, compiling. 
[2016.12.14-19.11.53:007][598]LogStaticMesh: Building static mesh second_arches...
[2016.12.14-19.11.53:259][598]LogStaticMesh: Built static mesh [0.25s] /Game/Geometry/UNREAL/second_arches.second_arches
[2016.12.14-19.11.53:281][598]LogStaticMesh: Building static mesh Rightwall...
[2016.12.14-19.11.53:284][598]LogStaticMesh: Built static mesh [0.00s] /Game/Geometry/UNREAL/Rightwall.Rightwall
[2016.12.14-19.11.53:360][598]LogTexture:Display: Building textures: ArchWood_COLOR03_COLOR (AutoDXT)
[2016.12.14-19.11.54:579][598]LogTexture:Display: Building textures: ArchWood_COLOR03_NRM (BC5)
[2016.12.14-19.11.54:781][598]LogMaterial: Missing cached shader map for material arches, compiling. 
[2016.12.14-19.11.54:808][598]LogStaticMesh: Building static mesh OuterArch...
[2016.12.14-19.11.54:991][598]LogStaticMesh: Built static mesh [0.18s] /Game/Geometry/UNREAL/OuterArch.OuterArch
[2016.12.14-19.11.55:009][598]LogStaticMesh: Building static mesh Lwall...
[2016.12.14-19.11.55:012][598]LogStaticMesh: Built static mesh [0.00s] /Game/Geometry/UNREAL/Lwall.Lwall
[2016.12.14-19.11.55:034][598]LogTexture:Display: Building textures: Base_SPEC_COLOR (AutoDXT)
[2016.12.14-19.11.55:417][598]LogTexture:Display: Building textures: Base_SPEC_NRM (BC5)
[2016.12.14-19.11.55:467][598]LogMaterial: Missing cached shader map for material lambert10, compiling. 
[2016.12.14-19.11.55:492][598]LogStaticMesh: Building static mesh INNERARCH...
[2016.12.14-19.11.59:549][598]LogStaticMesh: Built static mesh [4.06s] /Game/Geometry/UNREAL/INNERARCH.INNERARCH
[2016.12.14-19.11.59:921][598]LogMaterial: Missing cached shader map for material lambert20, compiling. 
[2016.12.14-19.11.59:949][598]LogMaterial: Missing cached shader map for material blinn4, compiling. 
[2016.12.14-19.11.59:976][598]LogStaticMesh: Building static mesh fountain...
[2016.12.14-19.12.00:260][598]LogStaticMesh: Built static mesh [0.28s] /Game/Geometry/UNREAL/fountain.fountain
[2016.12.14-19.12.00:291][598]LogMaterial: Missing cached shader map for material pool, compiling. 
[2016.12.14-19.12.00:319][598]LogMaterial: Missing cached shader map for material Grass, compiling. 
[2016.12.14-19.12.00:704][598]LogTexture:Display: Building textures: TILE3_NRM (BC5)
[2016.12.14-19.12.01:643][598]LogTexture:Display: Building textures: Tiling_ceiling01_NRM (BC5)
[2016.12.14-19.12.01:910][598]LogTexture:Display: Building textures: Tiling_ceiling0002_ (AutoDXT)
[2016.12.14-19.12.02:650][598]LogMaterial: Missing cached shader map for material Roof3, compiling. 
[2016.12.14-19.12.03:062][598]LogTexture:Display: Building textures: EntireTile (AutoDXT)
[2016.12.14-19.12.07:847][598]LogMaterial: Missing cached shader map for material floor2, compiling. 
[2016.12.14-19.12.07:876][598]LogStaticMesh: Building static mesh FLOOR...
[2016.12.14-19.12.07:886][598]LogStaticMesh: Built static mesh [0.01s] /Game/Geometry/UNREAL/FLOOR.FLOOR
[2016.12.14-19.12.07:959][598]LogTexture:Display: Building textures: DoorNormal (BC5)
[2016.12.14-19.12.08:177][598]LogTexture:Display: Building textures: BaseDoor3 (AutoDXT)
[2016.12.14-19.12.09:108][598]LogMaterial: Missing cached shader map for material Door2, compiling. 
[2016.12.14-19.12.09:301][598]LogTexture:Display: Building textures: Low_pOly_dx11Shader4SG_Normal (BC5)
[2016.12.14-19.12.09:466][598]LogMaterial: Missing cached shader map for material Door1, compiling. 
[2016.12.14-19.12.09:496][598]LogStaticMesh: Building static mesh Door...
[2016.12.14-19.12.09:518][598]LogStaticMesh: Built static mesh [0.02s] /Game/Geometry/UNREAL/Door.Door
[2016.12.14-19.12.09:804][598]LogTexture:Display: Building textures: walL4_2 (AutoDXT)
[2016.12.14-19.12.15:350][598]LogTexture:Display: Building textures: FinalWallNormal (BC5)
[2016.12.14-19.12.16:105][598]LogMaterial: Missing cached shader map for material dx11Shader9, compiling. 
[2016.12.14-19.12.16:133][598]LogStaticMesh: Building static mesh BWALL...
[2016.12.14-19.12.16:136][598]LogStaticMesh: Built static mesh [0.00s] /Game/Geometry/UNREAL/BWALL.BWALL
[2016.12.14-19.12.16:195][598]LogTexture:Display: Building textures: PillarNormal3 (BC5)
[2016.12.14-19.12.16:430][598]LogTexture:Display: Building textures: EntirePillarBase5 (AutoDXT)
[2016.12.14-19.12.17:395][598]LogMaterial: Missing cached shader map for material pillar2, compiling. 
[2016.12.14-19.12.17:423][598]LogStaticMesh: Building static mesh BUTTOMPILLARS...
[2016.12.14-19.12.27:173][598]LogStaticMesh: Built static mesh [9.75s] /Game/Geometry/UNREAL/BUTTOMPILLARS.BUTTOMPILLARS
[2016.12.14-19.12.27:682][598]LogTexture:Display: Building textures: Vine (AutoDXT)
[2016.12.14-19.12.29:573][598]LogTexture:Display: Building textures: Vine_NRM (BC5)
[2016.12.14-19.12.29:965][598]LogMaterial: Missing cached shader map for material Vine_width, compiling. 
[2016.12.14-19.12.30:042][598]LogStaticMesh: Building static mesh VinesWidth...
[2016.12.14-19.12.30:045][598]LogStaticMesh: Built static mesh [0.00s] /Game/Foliage/VinesWidth.VinesWidth
[2016.12.14-19.12.30:071][598]LogTexture:Display: Building textures: PLANT1 (BGRA8)
[2016.12.14-19.12.30:241][598]LogMaterial: Missing cached shader map for material blinn1SG, compiling. 
[2016.12.14-19.12.30:286][598]LogStaticMesh: Building static mesh plantertop...
[2016.12.14-19.12.30:288][598]LogStaticMesh: Built static mesh [0.00s] /Game/Foliage/plantertop.plantertop
[2016.12.14-19.12.30:306][598]LogTexture:Display: Building textures: HQ_Lightmap1_1 (AutoDXT)
[2016.12.14-19.12.30:539][598]LogTexture:Display: Building textures: LQ_Lightmap_1_1 (DXT1)
[2016.12.14-19.12.30:704][598]LogTexture:Display: Building textures: SkyOcclusion0_1 (AutoDXT)
[2016.12.14-19.12.30:833][598]LogTexture:Display: Building textures: ShadowMapTexture2D_1 (BGRA8)
[2016.12.14-19.12.30:843][598]LogStaticMesh: Building static mesh Planterbase...
[2016.12.14-19.12.30:851][598]LogStaticMesh: Built static mesh [0.01s] /Game/Foliage/Planterbase.Planterbase
[2016.12.14-19.12.30:855][598]LogMaterial: Missing cached shader map for material initialShadingGroup, compiling. 
[2016.12.14-19.12.30:928][598]LogTexture:Display: Building textures: grassNormal (BC5)
[2016.12.14-19.12.31:031][598]LogMaterial: Missing cached shader map for material IndoorWater, compiling. 
[2016.12.14-19.12.31:069][598]LogAIModule: Creating AISystem for world SpanishCourtyard6
[2016.12.14-19.12.31:113][598]Cmd: MAP LOAD FILE="../../../../../../Users/Diana/Desktop/MyProject4/Content/SpanishCourtyard6.umap" TEMPLATE=0 SHOWPROGRESS=1 FEATURELEVEL=3
[2016.12.14-19.12.31:113][598]LightingResults: New page: Lighting Build
[2016.12.14-19.12.31:114][598]LoadErrors: New page: Loading map: SpanishCourtyard6.umap
[2016.12.14-19.12.31:117][598]MapCheck: New page: Map Check
[2016.12.14-19.12.31:117][598]LightingResults: New page: Lighting Build
[2016.12.14-19.12.31:149][598]LogPhysics:Warning: AddConvexElemsToRigidActor: [/Engine/BasicShapes/Cube.Cube] ConvexElem[0] invalid
[2016.12.14-19.12.31:149][598]LogPhysics:Warning: AddConvexElemsToRigidActor: [/Engine/BasicShapes/Cube.Cube] ConvexElem[0] invalid
[2016.12.14-19.12.31:149][598]LogPhysics:Warning: AddConvexElemsToRigidActor: [/Engine/BasicShapes/Cube.Cube] ConvexElem[0] invalid
[2016.12.14-19.12.31:284][598]LogEditorServer: Finished looking for orphan Actors (0.000 secs)
[2016.12.14-19.12.31:346][598]Cmd: MAP CHECKDEP NOCLEARLOG
[2016.12.14-19.12.31:457][598]MapCheck: Info Map check complete: 0 Error(s), 0 Warning(s), took 110.463ms to complete.
[2016.12.14-19.12.31:457][598]LogFileHelpers: Loading map 'SpanishCourtyard6' took 0.345
[2016.12.14-19.15.02:718][375]LogPlayLevel: PlayLevel: No blueprints needed recompiling
[2016.12.14-19.15.02:721][375]PIE: New page: PIE session: SpanishCourtyard6 (Dec 14, 2016, 3:15:02 AM)
[2016.12.14-19.15.02:722][375]LogPlayLevel: Creating play world package: /Game/UEDPIE_0_SpanishCourtyard6
[2016.12.14-19.15.02:730][375]LogPlayLevel: PIE: StaticDuplicateObject took: (0.008649s)
[2016.12.14-19.15.02:731][375]LogAIModule: Creating AISystem for world SpanishCourtyard6
[2016.12.14-19.15.02:731][375]LogPlayLevel: PIE: World Init took: (0.001066s)
[2016.12.14-19.15.02:732][375]LogPlayLevel: PIE: Created PIE world by copying editor world from /Game/SpanishCourtyard6.SpanishCourtyard6 to /Game/UEDPIE_0_SpanishCourtyard6.SpanishCourtyard6 (0.010148s)
[2016.12.14-19.15.02:774][375]LogInit: XAudio2 using 'Speakers (2- Logitech USB Headset)' : 2 channels at 44.1 kHz using 16 bits per sample (channel mask 0x3)
[2016.12.14-19.15.02:788][375]LogInit: FAudioDevice initialized.
[2016.12.14-19.15.02:885][375]LogWorld: Game class is 'ThirdPersonGameMode_C'
[2016.12.14-19.15.02:901][375]LogPhysics:Warning: AddConvexElemsToRigidActor: [/Engine/BasicShapes/Cube.Cube] ConvexElem[0] invalid
[2016.12.14-19.15.02:901][375]LogPhysics:Warning: AddConvexElemsToRigidActor: [/Engine/BasicShapes/Cube.Cube] ConvexElem[0] invalid
[2016.12.14-19.15.02:901][375]LogPhysics:Warning: AddConvexElemsToRigidActor: [/Engine/BasicShapes/Cube.Cube] ConvexElem[0] invalid
[2016.12.14-19.15.02:905][375]LogWorld: Bringing World /Game/UEDPIE_0_SpanishCourtyard6.SpanishCourtyard6 up for play (max tick rate 0) at 2016.12.14-11.15.02
[2016.12.14-19.15.02:908][375]LogWorld: Bringing up level for play took: 0.007949
[2016.12.14-19.15.02:934][375]LogContentBrowser: Native class hierarchy updated for 'MovieSceneCapture' in 0.0006 seconds. Added 11 classes and 0 folders.
[2016.12.14-19.15.02:952][375]PIE: Info Play in editor start time for /Game/UEDPIE_0_SpanishCourtyard6 -0.572
[2016.12.14-19.17.21:362][853]LogEditorViewport: Clicking on Actor (LMB): StaticMeshActor (Lwall)
[2016.12.14-19.17.22:130][920]LogEditorViewport: Clicking on Actor (LMB): StaticMeshActor (secondbeams)
[2016.12.14-19.17.22:483][950]Cmd: CAMERA ALIGN ACTIVEVIEWPORTONLY
[2016.12.14-19.17.37:917][443]LogEditorViewport: Clicking Background
[2016.12.14-19.17.46:001][394]LogEditorViewport: Clicking on Actor (LMB): StaticMeshActor (secondbeams)
[2016.12.14-19.17.46:356][424]Cmd: CAMERA ALIGN ACTIVEVIEWPORTONLY
[2016.12.14-19.17.49:272][696]LogEditorViewport: Clicking on Actor (LMB): StaticMeshActor (OuterArch)
[2016.12.14-19.17.52:959][ 56]LogEditorViewport: Clicking Background
[2016.12.14-19.19.04:850][482]LogWindowsTextInputMethodSystem:Display: IME system now deactivated.
[2016.12.14-19.19.05:061][483]Cmd: QUIT_EDITOR
[2016.12.14-19.19.05:287][483]LogExit: Preparing to exit.
[2016.12.14-19.19.06:309][483]LogExit: Editor shut down
[2016.12.14-19.19.06:310][483]LogExit: Transaction tracking system shut down
[2016.12.14-19.19.06:536][483]LogObj: Freed 0b from 0 cluster array pools.
[2016.12.14-19.19.06:537][483]LogExit: Object subsystem successfully closed.
[2016.12.14-19.19.06:560][483]LogD3D11RHI: Shutdown
[2016.12.14-19.19.06:560][483]LogD3D11RHI: CleanupD3DDevice
[2016.12.14-19.19.06:693][483]LogD3D11RHI: ~FD3D11DynamicRHI
[2016.12.14-19.19.06:720][483]LogModuleManager: Shutting down and abandoning module MovieSceneCapture (216)
[2016.12.14-19.19.06:720][483]LogModuleManager: Shutting down and abandoning module HierarchicalLODOutliner (215)
[2016.12.14-19.19.06:720][483]LogModuleManager: Shutting down and abandoning module CrashTracker (214)
[2016.12.14-19.19.06:720][483]LogModuleManager: Shutting down and abandoning module SceneOutliner (213)
[2016.12.14-19.19.06:720][483]LogModuleManager: Shutting down and abandoning module WidgetCarousel (212)
[2016.12.14-19.19.06:720][483]LogModuleManager: Shutting down and abandoning module AddContentDialog (211)
[2016.12.14-19.19.06:722][483]LogModuleManager: Shutting down and abandoning module GameplayTags (210)
[2016.12.14-19.19.06:722][483]LogModuleManager: Shutting down and abandoning module EditorWidgets (209)
[2016.12.14-19.19.06:722][483]LogModuleManager: Shutting down and abandoning module CollectionManager (208)
[2016.12.14-19.19.06:722][483]LogModuleManager: Shutting down and abandoning module StatsViewer (207)
[2016.12.14-19.19.06:722][483]LogModuleManager: Shutting down and abandoning module FoliageEdit (206)
[2016.12.14-19.19.06:722][483]LogModuleManager: Shutting down and abandoning module LandscapeEditor (205)
[2016.12.14-19.19.06:722][483]LogModuleManager: Shutting down and abandoning module SceneDepthPickerMode (204)
[2016.12.14-19.19.06:722][483]LogModuleManager: Shutting down and abandoning module ActorPickerMode (203)
[2016.12.14-19.19.06:722][483]LogModuleManager: Shutting down and abandoning module GeometryMode (202)
[2016.12.14-19.19.06:722][483]LogModuleManager: Shutting down and abandoning module TextureAlignMode (201)
[2016.12.14-19.19.06:722][483]LogModuleManager: Shutting down and abandoning module BspMode (200)
[2016.12.14-19.19.06:722][483]LogModuleManager: Shutting down and abandoning module HardwareSurvey (199)
[2016.12.14-19.19.06:723][483]LogModuleManager: Shutting down and abandoning module SequenceRecorderSections (198)
[2016.12.14-19.19.06:723][483]LogModuleManager: Shutting down and abandoning module SequenceRecorder (197)
[2016.12.14-19.19.06:723][483]LogModuleManager: Shutting down and abandoning module AutomationWorker (196)
[2016.12.14-19.19.06:723][483]LogModuleManager: Shutting down and abandoning module MatineeToLevelSequence (195)
[2016.12.14-19.19.06:723][483]LogModuleManager: Shutting down and abandoning module PlacementMode (194)
[2016.12.14-19.19.06:723][483]LogModuleManager: Shutting down and abandoning module LevelSequenceEditor (193)
[2016.12.14-19.19.06:723][483]LogModuleManager: Shutting down and abandoning module CharacterAI (192)
[2016.12.14-19.19.06:723][483]LogModuleManager: Shutting down and abandoning module SmartSnapping (191)
[2016.12.14-19.19.06:723][483]LogModuleManager: Shutting down and abandoning module SessionServices (190)
[2016.12.14-19.19.06:723][483]LogModuleManager: Shutting down and abandoning module ViewportSnapping (189)
[2016.12.14-19.19.06:723][483]LogModuleManager: Shutting down and abandoning module LogVisualizer (188)
[2016.12.14-19.19.06:723][483]LogModuleManager: Shutting down and abandoning module GameProjectGeneration (187)
[2016.12.14-19.19.06:723][483]LogModuleManager: Shutting down and abandoning module IntroTutorials (186)
[2016.12.14-19.19.06:723][483]LogModuleManager: Shutting down and abandoning module EditorLiveStreaming (185)
[2016.12.14-19.19.06:723][483]LogModuleManager: Shutting down and abandoning module IOSPlatformEditor (184)
[2016.12.14-19.19.06:723][483]LogModuleManager: Shutting down and abandoning module HTML5PlatformEditor (183)
[2016.12.14-19.19.06:723][483]LogModuleManager: Shutting down and abandoning module AndroidDeviceDetection (182)
[2016.12.14-19.19.07:141][483]LogModuleManager: Shutting down and abandoning module AndroidPlatformEditor (181)
[2016.12.14-19.19.07:141][483]LogModuleManager: Shutting down and abandoning module IOSRuntimeSettings (180)
[2016.12.14-19.19.07:141][483]LogModuleManager: Shutting down and abandoning module AndroidRuntimeSettings (179)
[2016.12.14-19.19.07:141][483]LogModuleManager: Shutting down and abandoning module MergeActors (178)
[2016.12.14-19.19.07:141][483]LogModuleManager: Shutting down and abandoning module SizeMap (177)
[2016.12.14-19.19.07:141][483]LogModuleManager: Shutting down and abandoning module TreeMap (176)
[2016.12.14-19.19.07:141][483]LogModuleManager: Shutting down and abandoning module ReferenceViewer (175)
[2016.12.14-19.19.07:141][483]LogModuleManager: Shutting down and abandoning module LocalizationService (174)
[2016.12.14-19.19.07:141][483]LogModuleManager: Shutting down and abandoning module LocalizationDashboard (173)
[2016.12.14-19.19.07:141][483]LogModuleManager: Shutting down and abandoning module HardwareTargeting (172)
[2016.12.14-19.19.07:141][483]LogModuleManager: Shutting down and abandoning module DeviceProfileEditor (171)
[2016.12.14-19.19.07:141][483]LogModuleManager: Shutting down and abandoning module UndoHistory (170)
[2016.12.14-19.19.07:141][483]LogModuleManager: Shutting down and abandoning module UserFeedback (169)
[2016.12.14-19.19.07:141][483]LogModuleManager: Shutting down and abandoning module XmlParser (168)
[2016.12.14-19.19.07:141][483]LogModuleManager: Shutting down and abandoning module Blutility (167)
[2016.12.14-19.19.07:141][483]LogModuleManager: Shutting down and abandoning module ProjectTargetPlatformEditor (166)
[2016.12.14-19.19.07:142][483]LogModuleManager: Shutting down and abandoning module ProjectSettingsViewer (165)
[2016.12.14-19.19.07:142][483]LogModuleManager: Shutting down and abandoning module InputBindingEditor (164)
[2016.12.14-19.19.07:142][483]LogModuleManager: Shutting down and abandoning module EditorSettingsViewer (163)
[2016.12.14-19.19.07:142][483]LogModuleManager: Shutting down and abandoning module SettingsEditor (162)
[2016.12.14-19.19.07:142][483]LogModuleManager: Shutting down and abandoning module ProjectLauncher (161)
[2016.12.14-19.19.07:142][483]LogModuleManager: Shutting down and abandoning module SessionFrontend (160)
[2016.12.14-19.19.07:142][483]LogModuleManager: Shutting down and abandoning module ProfilerClient (159)
[2016.12.14-19.19.07:142][483]LogModuleManager: Shutting down and abandoning module TargetDeviceServices (158)
[2016.12.14-19.19.07:142][483]LogModuleManager: Shutting down and abandoning module DeviceManager (157)
[2016.12.14-19.19.07:195][483]LogModuleManager: Shutting down and abandoning module AutomationController (156)
[2016.12.14-19.19.07:195][483]LogModuleManager: Shutting down and abandoning module AutomationWindow (155)
[2016.12.14-19.19.07:195][483]LogModuleManager: Shutting down and abandoning module Layers (154)
[2016.12.14-19.19.07:195][483]LogModuleManager: Shutting down and abandoning module ComponentVisualizers (153)
[2016.12.14-19.19.07:195][483]LogModuleManager: Shutting down and abandoning module DetailCustomizations (152)
[2016.12.14-19.19.07:195][483]LogModuleManager: Shutting down and abandoning module PackagesDialog (151)
[2016.12.14-19.19.07:195][483]LogModuleManager: Shutting down and abandoning module Persona (150)
[2016.12.14-19.19.07:195][483]LogModuleManager: Shutting down and abandoning module Kismet (149)
[2016.12.14-19.19.07:196][483]LogModuleManager: Shutting down and abandoning module GraphEditor (148)
[2016.12.14-19.19.07:196][483]LogModuleManager: Shutting down and abandoning module ClassViewer (147)
[2016.12.14-19.19.07:196][483]LogModuleManager: Shutting down and abandoning module Toolbox (146)
[2016.12.14-19.19.07:196][483]LogModuleManager: Shutting down and abandoning module ModuleUI (145)
[2016.12.14-19.19.07:196][483]LogModuleManager: Shutting down and abandoning module MovieSceneTools (144)
[2016.12.14-19.19.07:196][483]LogModuleManager: Shutting down and abandoning module OutputLog (143)
[2016.12.14-19.19.07:196][483]LogModuleManager: Shutting down and abandoning module GammaUI (142)
[2016.12.14-19.19.07:196][483]LogModuleManager: Shutting down and abandoning module Documentation (141)
[2016.12.14-19.19.07:196][483]LogModuleManager: Shutting down and abandoning module StreamingPauseRendering (140)
[2016.12.14-19.19.07:196][483]LogModuleManager: Shutting down and abandoning module AnalyticsET (139)
[2016.12.14-19.19.07:196][483]LogModuleManager: Shutting down and abandoning module Analytics (138)
[2016.12.14-19.19.07:196][483]LogModuleManager: Shutting down and abandoning module PortalServices (137)
[2016.12.14-19.19.07:196][483]LogModuleManager: Shutting down and abandoning module PortalRpc (136)
[2016.12.14-19.19.07:196][483]LogModuleManager: Shutting down and abandoning module MessagingRpc (135)
[2016.12.14-19.19.07:196][483]LogModuleManager: Shutting down and abandoning module GameplayDebugger (134)
[2016.12.14-19.19.07:196][483]LogModuleManager: Shutting down and abandoning module AITestSuite (133)
[2016.12.14-19.19.07:196][483]LogModuleManager: Shutting down and abandoning module AIModule (132)
[2016.12.14-19.19.07:196][483]LogModuleManager: Shutting down and abandoning module ProfilerService (131)
[2016.12.14-19.19.07:322][483]LogModuleManager: Shutting down and abandoning module TaskGraph (130)
[2016.12.14-19.19.07:322][483]LogModuleManager: Shutting down and abandoning module SubstanceEditor (129)
[2016.12.14-19.19.07:322][483]LogModuleManager: Shutting down and abandoning module SlateRemote (128)
[2016.12.14-19.19.07:322][483]LogModuleManager: Shutting down and abandoning module SteamVRController (127)
[2016.12.14-19.19.07:322][483]LogModuleManager: Shutting down and abandoning module SteamVR (126)
[2016.12.14-19.19.07:322][483]LogModuleManager: Shutting down and abandoning module ProceduralMeshComponent (125)
[2016.12.14-19.19.07:322][483]LogModuleManager: Shutting down and abandoning module OculusLibrary (124)
[2016.12.14-19.19.07:322][483]LogModuleManager: Shutting down and abandoning module OculusInput (123)
[2016.12.14-19.19.07:322][483]LogModuleManager: Shutting down and abandoning module CustomMeshComponent (122)
[2016.12.14-19.19.07:322][483]LogModuleManager: Shutting down and abandoning module CableComponent (121)
[2016.12.14-19.19.07:322][483]LogModuleManager: Shutting down and abandoning module ArchVisCharacter (120)
[2016.12.14-19.19.07:322][483]LogModuleManager: Shutting down and abandoning module MediaPlayerEditor (119)
[2016.12.14-19.19.07:322][483]LogModuleManager: Shutting down and abandoning module HTML5Networking (118)
[2016.12.14-19.19.07:322][483]LogModuleManager: Shutting down and abandoning module SuperSearch (117)
[2016.12.14-19.19.07:322][483]LogModuleManager: Shutting down and abandoning module SuperSearchEditor (116)
[2016.12.14-19.19.07:322][483]LogModuleManager: Shutting down and abandoning module SpeedTreeImporter (115)
[2016.12.14-19.19.07:322][483]LogModuleManager: Shutting down and abandoning module PluginBrowser (114)
[2016.12.14-19.19.07:322][483]LogModuleManager: Shutting down and abandoning module EpicSurvey (113)
[2016.12.14-19.19.07:322][483]LogModuleManager: Shutting down and abandoning module DesktopPlatform (112)
[2016.12.14-19.19.07:322][483]LogModuleManager: Shutting down and abandoning module VisualStudioSourceCodeAccess (111)
[2016.12.14-19.19.07:322][483]LogModuleManager: Shutting down and abandoning module UObjectPlugin (110)
[2016.12.14-19.19.07:322][483]LogModuleManager: Shutting down and abandoning module SubversionSourceControl (109)
[2016.12.14-19.19.07:323][483]LogModuleManager: Shutting down and abandoning module PerforceSourceControl (108)
[2016.12.14-19.19.07:323][483]LogModuleManager: Shutting down and abandoning module SourceControl (107)
[2016.12.14-19.19.07:323][483]LogModuleManager: Shutting down and abandoning module GitSourceControl (106)
[2016.12.14-19.19.07:323][483]LogModuleManager: Shutting down and abandoning module LightPropagationVolumeEditor (105)
[2016.12.14-19.19.07:323][483]LogModuleManager: Shutting down and abandoning module PaperTiledImporter (104)
[2016.12.14-19.19.07:323][483]LogModuleManager: Shutting down and abandoning module PaperSpriteSheetImporter (103)
[2016.12.14-19.19.07:323][483]LogModuleManager: Shutting down and abandoning module MeshPaint (102)
[2016.12.14-19.19.07:323][483]LogModuleManager: Shutting down and abandoning module PixelInspectorModule (101)
[2016.12.14-19.19.07:323][483]LogModuleManager: Shutting down and abandoning module HotReload (100)
[2016.12.14-19.19.07:324][483]LogModuleManager: Shutting down and abandoning module MainFrame (99)
[2016.12.14-19.19.07:324][483]LogModuleManager: Shutting down and abandoning module LevelEditor (98)
[2016.12.14-19.19.07:325][483]LogModuleManager: Shutting down and abandoning module ContentBrowser (97)
[2016.12.14-19.19.07:326][483]LogModuleManager: Shutting down and abandoning module Paper2DEditor (96)
[2016.12.14-19.19.07:327][483]LogModuleManager: Shutting down and abandoning module UdpMessaging (95)
[2016.12.14-19.19.07:427][483]LogModuleManager: Shutting down and abandoning module SubstanceCore (94)
[2016.12.14-19.19.07:427][483]LogModuleManager: Shutting down and abandoning module LightPropagationVolumeRuntime (93)
[2016.12.14-19.19.07:427][483]LogModuleManager: Shutting down and abandoning module Paper2D (92)
[2016.12.14-19.19.07:427][483]LogModuleManager: Shutting down and abandoning module WindowsMoviePlayer (91)
[2016.12.14-19.19.07:427][483]LogModuleManager: Shutting down and abandoning module Media (90)
[2016.12.14-19.19.07:427][483]LogModuleManager: Shutting down and abandoning module WmfMedia (89)
[2016.12.14-19.19.07:427][483]LogModuleManager: Shutting down and abandoning module MediaAssets (88)
[2016.12.14-19.19.07:427][483]LogModuleManager: Shutting down and abandoning module GameLiveStreaming (87)
[2016.12.14-19.19.07:427][483]LogModuleManager: Shutting down and abandoning module GameplayTagsEditor (86)
[2016.12.14-19.19.07:427][483]LogModuleManager: Shutting down and abandoning module OnlineBlueprintSupport (85)
[2016.12.14-19.19.07:427][483]LogModuleManager: Shutting down and abandoning module VREditor (84)
[2016.12.14-19.19.07:427][483]LogModuleManager: Shutting down and abandoning module GameplayTasksEditor (83)
[2016.12.14-19.19.07:427][483]LogModuleManager: Shutting down and abandoning module PropertyEditor (82)
[2016.12.14-19.19.07:427][483]LogModuleManager: Shutting down and abandoning module BehaviorTreeEditor (81)
[2016.12.14-19.19.07:428][483]LogModuleManager: Shutting down and abandoning module FunctionalTesting (80)
[2016.12.14-19.19.07:428][483]LogModuleManager: Shutting down and abandoning module CollisionAnalyzer (79)
[2016.12.14-19.19.07:428][483]LogModuleManager: Shutting down and abandoning module Sequencer (78)
[2016.12.14-19.19.07:428][483]LogModuleManager: Shutting down and abandoning module WorkspaceMenuStructure (77)
[2016.12.14-19.19.07:428][483]LogModuleManager: Shutting down and abandoning module MessageLog (76)
[2016.12.14-19.19.07:428][483]LogModuleManager: Shutting down and abandoning module AssetTools (75)
[2016.12.14-19.19.07:428][483]LogModuleManager: Shutting down and abandoning module UMGEditor (74)
[2016.12.14-19.19.07:428][483]LogModuleManager: Shutting down and abandoning module UMG (73)
[2016.12.14-19.19.07:428][483]LogModuleManager: Shutting down and abandoning module SlateReflector (72)
[2016.12.14-19.19.07:428][483]LogModuleManager: Shutting down and abandoning module Slate (71)
[2016.12.14-19.19.07:428][483]LogModuleManager: Shutting down and abandoning module EditorStyle (70)
[2016.12.14-19.19.07:433][483]LogModuleManager: Shutting down and abandoning module SourceCodeAccess (69)
[2016.12.14-19.19.07:433][483]LogModuleManager: Shutting down and abandoning module HeadMountedDisplay (68)
[2016.12.14-19.19.07:433][483]LogModuleManager: Shutting down and abandoning module XAudio2 (67)
[2016.12.14-19.19.07:433][483]LogModuleManager: Shutting down and abandoning module Networking (65)
[2016.12.14-19.19.07:433][483]LogModuleManager: Shutting down and abandoning module Core (64)
[2016.12.14-19.19.07:433][483]LogModuleManager: Shutting down and abandoning module DirectoryWatcher (63)
[2016.12.14-19.19.07:436][483]LogModuleManager: Shutting down and abandoning module AssetRegistry (62)
[2016.12.14-19.19.07:628][483]LogModuleManager: Shutting down and abandoning module KismetCompiler (61)
[2016.12.14-19.19.07:628][483]LogModuleManager: Shutting down and abandoning module PhysXFormats (60)
[2016.12.14-19.19.07:628][483]LogModuleManager: Shutting down and abandoning module MeshUtilities (59)
[2016.12.14-19.19.07:628][483]LogModuleManager: Shutting down and abandoning module DerivedDataCache (58)
[2016.12.14-19.19.07:690][483]LogDerivedDataCache: Shutdown
[2016.12.14-19.19.07:690][483]LogModuleManager: Shutting down and abandoning module VulkanShaderFormat (57)
[2016.12.14-19.19.07:690][483]LogModuleManager: Shutting down and abandoning module ShaderFormatOpenGL (56)
[2016.12.14-19.19.07:690][483]LogModuleManager: Shutting down and abandoning module ShaderFormatD3D (55)
[2016.12.14-19.19.07:690][483]LogModuleManager: Shutting down and abandoning module MetalShaderFormat (54)
[2016.12.14-19.19.07:690][483]LogModuleManager: Shutting down and abandoning module TextureFormatUncompressed (53)
[2016.12.14-19.19.07:690][483]LogModuleManager: Shutting down and abandoning module TextureFormatPVR (52)
[2016.12.14-19.19.07:690][483]LogModuleManager: Shutting down and abandoning module TextureFormatIntelISPCTexComp (51)
[2016.12.14-19.19.07:690][483]LogModuleManager: Shutting down and abandoning module TextureFormatDXT (50)
[2016.12.14-19.19.07:690][483]LogModuleManager: Shutting down and abandoning module ImageWrapper (49)
[2016.12.14-19.19.07:690][483]LogModuleManager: Shutting down and abandoning module TextureFormatASTC (48)
[2016.12.14-19.19.07:690][483]LogModuleManager: Shutting down and abandoning module TextureFormatAndroid (47)
[2016.12.14-19.19.07:690][483]LogModuleManager: Shutting down and abandoning module AudioFormatOpus (46)
[2016.12.14-19.19.07:690][483]LogModuleManager: Shutting down and abandoning module AudioFormatOgg (45)
[2016.12.14-19.19.07:690][483]LogModuleManager: Shutting down and abandoning module AudioFormatADPCM (44)
[2016.12.14-19.19.07:690][483]LogModuleManager: Shutting down and abandoning module LinuxTargetPlatform (43)
[2016.12.14-19.19.07:690][483]LogModuleManager: Shutting down and abandoning module LinuxServerTargetPlatform (42)
[2016.12.14-19.19.07:690][483]LogModuleManager: Shutting down and abandoning module LinuxNoEditorTargetPlatform (41)
[2016.12.14-19.19.07:690][483]LogModuleManager: Shutting down and abandoning module TVOSTargetPlatform (40)
[2016.12.14-19.19.07:690][483]LogModuleManager: Shutting down and abandoning module Messaging (39)
[2016.12.14-19.19.07:690][483]LogModuleManager: Shutting down and abandoning module IOSTargetPlatform (38)
[2016.12.14-19.19.07:690][483]LogModuleManager: Shutting down and abandoning module HTML5TargetPlatform (37)
[2016.12.14-19.19.07:690][483]LogModuleManager: Shutting down and abandoning module Android_PVRTCTargetPlatform (36)
[2016.12.14-19.19.07:690][483]LogModuleManager: Shutting down and abandoning module Android_MultiTargetPlatform (35)
[2016.12.14-19.19.07:690][483]LogModuleManager: Shutting down and abandoning module Android_ETC2TargetPlatform (34)
[2016.12.14-19.19.07:690][483]LogModuleManager: Shutting down and abandoning module Android_ETC1TargetPlatform (33)
[2016.12.14-19.19.07:690][483]LogModuleManager: Shutting down and abandoning module Android_DXTTargetPlatform (32)
[2016.12.14-19.19.07:690][483]LogModuleManager: Shutting down and abandoning module Android_ATCTargetPlatform (31)
[2016.12.14-19.19.07:690][483]LogModuleManager: Shutting down and abandoning module Android_ASTCTargetPlatform (30)
[2016.12.14-19.19.07:690][483]LogModuleManager: Shutting down and abandoning module AndroidTargetPlatform (29)
[2016.12.14-19.19.07:690][483]LogModuleManager: Shutting down and abandoning module WindowsTargetPlatform (28)
[2016.12.14-19.19.07:690][483]LogModuleManager: Shutting down and abandoning module WindowsServerTargetPlatform (27)
[2016.12.14-19.19.07:690][483]LogModuleManager: Shutting down and abandoning module WindowsNoEditorTargetPlatform (26)
[2016.12.14-19.19.07:690][483]LogModuleManager: Shutting down and abandoning module WindowsClientTargetPlatform (25)
[2016.12.14-19.19.07:690][483]LogModuleManager: Shutting down and abandoning module AllDesktopTargetPlatform (24)
[2016.12.14-19.19.07:690][483]LogModuleManager: Shutting down and abandoning module TargetPlatform (23)
[2016.12.14-19.19.07:690][483]LogModuleManager: Shutting down and abandoning module InputCore (22)
[2016.12.14-19.19.07:690][483]LogModuleManager: Shutting down and abandoning module Settings (21)
[2016.12.14-19.19.07:690][483]LogModuleManager: Shutting down and abandoning module OnlineSubsystem (19)
[2016.12.14-19.19.07:690][483]LogModuleManager: Shutting down and abandoning module HTTP (18)
[2016.12.14-19.19.12:207][483]LogModuleManager: Shutting down and abandoning module XMPP (17)
[2016.12.14-19.19.12:208][483]LogModuleManager: Shutting down and abandoning module OculusRift (16)
[2016.12.14-19.19.12:208][483]LogModuleManager: Shutting down and abandoning module ExampleDeviceProfileSelector (15)
[2016.12.14-19.19.12:208][483]LogModuleManager: Shutting down and abandoning module TextureCompressor (14)
[2016.12.14-19.19.12:208][483]LogModuleManager: Shutting down and abandoning module ShaderCore (13)
[2016.12.14-19.19.12:208][483]LogModuleManager: Shutting down and abandoning module Landscape (12)
[2016.12.14-19.19.12:208][483]LogModuleManager: Shutting down and abandoning module SlateRHIRenderer (11)
[2016.12.14-19.19.12:210][483]LogModuleManager: Shutting down and abandoning module OpenGLDrv (10)
[2016.12.14-19.19.12:210][483]LogModuleManager: Shutting down and abandoning module D3D11RHI (9)
[2016.12.14-19.19.12:210][483]LogModuleManager: Shutting down and abandoning module AnimGraphRuntime (8)
[2016.12.14-19.19.12:210][483]LogModuleManager: Shutting down and abandoning module Renderer (7)
[2016.12.14-19.19.12:210][483]LogModuleManager: Shutting down and abandoning module Engine (6)
[2016.12.14-19.19.12:210][483]LogModuleManager: Shutting down and abandoning module CoreUObject (5)
[2016.12.14-19.19.12:210][483]LogModuleManager: Shutting down and abandoning module NetworkFile (4)
[2016.12.14-19.19.12:210][483]LogModuleManager: Shutting down and abandoning module StreamingFile (3)
[2016.12.14-19.19.12:210][483]LogModuleManager: Shutting down and abandoning module SandboxFile (2)
[2016.12.14-19.19.12:210][483]LogModuleManager: Shutting down and abandoning module PakFile (1)
[2016.12.14-19.19.12:212][483]LogExit: Exiting.
[2016.12.14-19.19.12:232][483]Log file closed, 12/14/16 11:19:12
